#
# There is insufficient memory for the Java Runtime Environment to continue.
# Native memory allocation (mmap) failed to map 153092096 bytes for committing reserved memory.
# Possible reasons:
#   The system is out of physical RAM or swap space
#   In 32 bit mode, the process size limit was hit
# Possible solutions:
#   Reduce memory load on the system
#   Increase physical memory or swap space
#   Check if swap backing store is full
#   Use 64 bit Java on a 64 bit OS
#   Decrease Java heap size (-Xmx/-Xms)
#   Decrease number of Java threads
#   Decrease Java thread stack sizes (-Xss)
#   Set larger code cache with -XX:ReservedCodeCacheSize=
# This output file may be truncated or incomplete.
#
#  Out of Memory Error (os_linux.cpp:2630), pid=14621, tid=0x00007fa966967700
#
# JRE version: OpenJDK Runtime Environment (8.0_111-b14) (build 1.8.0_111-8u111-b14-2ubuntu0.16.04.2-b14)
# Java VM: OpenJDK 64-Bit Server VM (25.111-b14 mixed mode linux-amd64 compressed oops)
# Failed to write core dump. Core dumps have been disabled. To enable core dumping, try "ulimit -c unlimited" before starting Java again
#

---------------  T H R E A D  ---------------

Current thread (0x00007fa97c073800):  VMThread [stack: 0x00007fa966867000,0x00007fa966968000] [id=14625]

Stack: [0x00007fa966867000,0x00007fa966968000],  sp=0x00007fa9669664a0,  free space=1021k
Native frames: (J=compiled Java code, j=interpreted, Vv=VM code, C=native code)
V  [libjvm.so+0xa64d2b]
V  [libjvm.so+0x4c2dac]
V  [libjvm.so+0x8b3ba0]
V  [libjvm.so+0x8ae01e]
V  [libjvm.so+0x9288f6]
V  [libjvm.so+0x929c23]
V  [libjvm.so+0x9262d3]
V  [libjvm.so+0x91f0e9]
V  [libjvm.so+0x446cf3]
V  [libjvm.so+0xa662b9]
V  [libjvm.so+0xa6bab7]
V  [libjvm.so+0xa69287]
V  [libjvm.so+0xa6a70f]
V  [libjvm.so+0xa6ac01]
V  [libjvm.so+0x8b1082]

VM_Operation (0x00007fa98328e6d0): CollectForMetadataAllocation, mode: safepoint, requested by thread 0x00007fa97c00a000


---------------  P R O C E S S  ---------------

Java Threads: ( => current thread )
  0x00007fa97c562000 JavaThread "process reaper" daemon [_thread_blocked, id=14636, stack(0x00007fa96568f000,0x00007fa9656c8000)]
  0x00007fa97c0af000 JavaThread "Service Thread" daemon [_thread_blocked, id=14631, stack(0x00007fa965b5d000,0x00007fa965c5e000)]
  0x00007fa97c0ac000 JavaThread "C1 CompilerThread1" daemon [_thread_blocked, id=14630, stack(0x00007fa965c5e000,0x00007fa965d5f000)]
  0x00007fa97c0a9000 JavaThread "C2 CompilerThread0" daemon [_thread_in_native, id=14629, stack(0x00007fa965d5f000,0x00007fa965e60000)]
  0x00007fa97c0a7000 JavaThread "Signal Dispatcher" daemon [_thread_blocked, id=14628, stack(0x00007fa965e60000,0x00007fa965f61000)]
  0x00007fa97c07f800 JavaThread "Finalizer" daemon [_thread_blocked, id=14627, stack(0x00007fa966665000,0x00007fa966766000)]
  0x00007fa97c07b000 JavaThread "Reference Handler" daemon [_thread_blocked, id=14626, stack(0x00007fa966766000,0x00007fa966867000)]
  0x00007fa97c00a000 JavaThread "main" [_thread_blocked, id=14622, stack(0x00007fa983194000,0x00007fa983295000)]

Other Threads:
=>0x00007fa97c073800 VMThread [stack: 0x00007fa966867000,0x00007fa966968000] [id=14625]
  0x00007fa97c0b6000 WatcherThread [stack: 0x00007fa965a5c000,0x00007fa965b5d000] [id=14632]

VM state:at safepoint (normal execution)

VM Mutex/Monitor currently owned by a thread:  ([mutex/lock_event])
[0x00007fa97c006520] Threads_lock - owner thread: 0x00007fa97c073800
[0x00007fa97c006a20] Heap_lock - owner thread: 0x00007fa97c00a000

Heap:
 PSYoungGen      total 136192K, used 5116K [0x00000000d6800000, 0x00000000df200000, 0x0000000100000000)
  eden space 131072K, 0% used [0x00000000d6800000,0x00000000d6800000,0x00000000de800000)
  from space 5120K, 99% used [0x00000000de800000,0x00000000decff1c8,0x00000000ded00000)
  to   space 5120K, 0% used [0x00000000ded00000,0x00000000ded00000,0x00000000df200000)
 ParOldGen       total 86016K, used 14937K [0x0000000083800000, 0x0000000088c00000, 0x00000000d6800000)
  object space 86016K, 17% used [0x0000000083800000,0x0000000084696740,0x0000000088c00000)
 Metaspace       used 20651K, capacity 21130K, committed 21296K, reserved 1069056K
  class space    used 2464K, capacity 2620K, committed 2688K, reserved 1048576K

Card table byte_map: [0x00007fa96c224000,0x00007fa96c609000] byte_map_base: 0x00007fa96be08000

Marking Bits: (ParMarkBitMap*) 0x00007fa982426220
 Begin Bits: [0x00007fa96804b000, 0x00007fa969f6b000)
 End Bits:   [0x00007fa969f6b000, 0x00007fa96be8b000)

Polling page: 0x00007fa983193000

CodeCache: size=245760Kb used=9090Kb max_used=9090Kb free=236669Kb
 bounds [0x00007fa96c9c9000, 0x00007fa96d2b9000, 0x00007fa97b9c9000]
 total_blobs=3399 nmethods=3008 adapters=306
 compilation: enabled

Compilation events (10 events):
Event: 32.903 Thread 0x00007fa97c0ac000 3038       3       java.util.TreeMap::setColor (10 bytes)
Event: 32.924 Thread 0x00007fa97c0ac000 nmethod 3038 0x00007fa96cad8fd0 code [0x00007fa96cad9140, 0x00007fa96cad92b0]
Event: 32.924 Thread 0x00007fa97c0ac000 3039       3       com.thoughtworks.xstream.converters.reflection.FieldKey::equals (55 bytes)
Event: 32.926 Thread 0x00007fa97c0ac000 nmethod 3039 0x00007fa96d2a3050 code [0x00007fa96d2a3200, 0x00007fa96d2a3868]
Event: 32.929 Thread 0x00007fa97c0ac000 3041  s!   3       sun.misc.URLClassPath::getLoader (197 bytes)
Event: 32.933 Thread 0x00007fa97c0ac000 nmethod 3041 0x00007fa96d2a70d0 code [0x00007fa96d2a74c0, 0x00007fa96d2a9ff8]
Event: 32.946 Thread 0x00007fa97c0ac000 3042       3       com.thoughtworks.xstream.core.util.PrioritizedList$PrioritizedItem::compareTo (36 bytes)
Event: 32.947 Thread 0x00007fa97c0ac000 nmethod 3042 0x00007fa96d2a2b90 code [0x00007fa96d2a2d00, 0x00007fa96d2a2f90]
Event: 32.969 Thread 0x00007fa97c0ac000 3043   !   3       sun.misc.URLClassPath$JarLoader::getResource (85 bytes)
Event: 32.970 Thread 0x00007fa97c0ac000 nmethod 3043 0x00007fa96d2ab890 code [0x00007fa96d2abae0, 0x00007fa96d2ac898]

GC Heap History (9 events):
Event: 1.912 GC heap before
{Heap before GC invocations=1 (full 0):
 PSYoungGen      total 37888K, used 32768K [0x00000000d6800000, 0x00000000d9200000, 0x0000000100000000)
  eden space 32768K, 100% used [0x00000000d6800000,0x00000000d8800000,0x00000000d8800000)
  from space 5120K, 0% used [0x00000000d8d00000,0x00000000d8d00000,0x00000000d9200000)
  to   space 5120K, 0% used [0x00000000d8800000,0x00000000d8800000,0x00000000d8d00000)
 ParOldGen       total 86016K, used 0K [0x0000000083800000, 0x0000000088c00000, 0x00000000d6800000)
  object space 86016K, 0% used [0x0000000083800000,0x0000000083800000,0x0000000088c00000)
 Metaspace       used 7573K, capacity 7682K, committed 7936K, reserved 1056768K
  class space    used 925K, capacity 985K, committed 1024K, reserved 1048576K
Event: 1.934 GC heap after
Heap after GC invocations=1 (full 0):
 PSYoungGen      total 37888K, used 4345K [0x00000000d6800000, 0x00000000db200000, 0x0000000100000000)
  eden space 32768K, 0% used [0x00000000d6800000,0x00000000d6800000,0x00000000d8800000)
  from space 5120K, 84% used [0x00000000d8800000,0x00000000d8c3e490,0x00000000d8d00000)
  to   space 5120K, 0% used [0x00000000dad00000,0x00000000dad00000,0x00000000db200000)
 ParOldGen       total 86016K, used 8K [0x0000000083800000, 0x0000000088c00000, 0x00000000d6800000)
  object space 86016K, 0% used [0x0000000083800000,0x0000000083802000,0x0000000088c00000)
 Metaspace       used 7573K, capacity 7682K, committed 7936K, reserved 1056768K
  class space    used 925K, capacity 985K, committed 1024K, reserved 1048576K
}
Event: 3.736 GC heap before
{Heap before GC invocations=2 (full 0):
 PSYoungGen      total 37888K, used 37113K [0x00000000d6800000, 0x00000000db200000, 0x0000000100000000)
  eden space 32768K, 100% used [0x00000000d6800000,0x00000000d8800000,0x00000000d8800000)
  from space 5120K, 84% used [0x00000000d8800000,0x00000000d8c3e490,0x00000000d8d00000)
  to   space 5120K, 0% used [0x00000000dad00000,0x00000000dad00000,0x00000000db200000)
 ParOldGen       total 86016K, used 8K [0x0000000083800000, 0x0000000088c00000, 0x00000000d6800000)
  object space 86016K, 0% used [0x0000000083800000,0x0000000083802000,0x0000000088c00000)
 Metaspace       used 12903K, capacity 13134K, committed 13184K, reserved 1060864K
  class space    used 1551K, capacity 1649K, committed 1664K, reserved 1048576K
Event: 3.793 GC heap after
Heap after GC invocations=2 (full 0):
 PSYoungGen      total 70656K, used 5096K [0x00000000d6800000, 0x00000000db200000, 0x0000000100000000)
  eden space 65536K, 0% used [0x00000000d6800000,0x00000000d6800000,0x00000000da800000)
  from space 5120K, 99% used [0x00000000dad00000,0x00000000db1fa0a0,0x00000000db200000)
  to   space 5120K, 0% used [0x00000000da800000,0x00000000da800000,0x00000000dad00000)
 ParOldGen       total 86016K, used 1863K [0x0000000083800000, 0x0000000088c00000, 0x00000000d6800000)
  object space 86016K, 2% used [0x0000000083800000,0x00000000839d1d30,0x0000000088c00000)
 Metaspace       used 12903K, capacity 13134K, committed 13184K, reserved 1060864K
  class space    used 1551K, capacity 1649K, committed 1664K, reserved 1048576K
}
Event: 7.390 GC heap before
{Heap before GC invocations=3 (full 0):
 PSYoungGen      total 70656K, used 70632K [0x00000000d6800000, 0x00000000db200000, 0x0000000100000000)
  eden space 65536K, 100% used [0x00000000d6800000,0x00000000da800000,0x00000000da800000)
  from space 5120K, 99% used [0x00000000dad00000,0x00000000db1fa0a0,0x00000000db200000)
  to   space 5120K, 0% used [0x00000000da800000,0x00000000da800000,0x00000000dad00000)
 ParOldGen       total 86016K, used 1863K [0x0000000083800000, 0x0000000088c00000, 0x00000000d6800000)
  object space 86016K, 2% used [0x0000000083800000,0x00000000839d1d30,0x0000000088c00000)
 Metaspace       used 16119K, capacity 16436K, committed 16768K, reserved 1064960K
  class space    used 1928K, capacity 2064K, committed 2176K, reserved 1048576K
Event: 7.450 GC heap after
Heap after GC invocations=3 (full 0):
 PSYoungGen      total 70656K, used 5088K [0x00000000d6800000, 0x00000000df200000, 0x0000000100000000)
  eden space 65536K, 0% used [0x00000000d6800000,0x00000000d6800000,0x00000000da800000)
  from space 5120K, 99% used [0x00000000da800000,0x00000000dacf8040,0x00000000dad00000)
  to   space 5120K, 0% used [0x00000000ded00000,0x00000000ded00000,0x00000000df200000)
 ParOldGen       total 86016K, used 4471K [0x0000000083800000, 0x0000000088c00000, 0x00000000d6800000)
  object space 86016K, 5% used [0x0000000083800000,0x0000000083c5dc28,0x0000000088c00000)
 Metaspace       used 16119K, capacity 16436K, committed 16768K, reserved 1064960K
  class space    used 1928K, capacity 2064K, committed 2176K, reserved 1048576K
}
Event: 10.398 GC heap before
{Heap before GC invocations=4 (full 0):
 PSYoungGen      total 70656K, used 70624K [0x00000000d6800000, 0x00000000df200000, 0x0000000100000000)
  eden space 65536K, 100% used [0x00000000d6800000,0x00000000da800000,0x00000000da800000)
  from space 5120K, 99% used [0x00000000da800000,0x00000000dacf8040,0x00000000dad00000)
  to   space 5120K, 0% used [0x00000000ded00000,0x00000000ded00000,0x00000000df200000)
 ParOldGen       total 86016K, used 4471K [0x0000000083800000, 0x0000000088c00000, 0x00000000d6800000)
  object space 86016K, 5% used [0x0000000083800000,0x0000000083c5dc28,0x0000000088c00000)
 Metaspace       used 19532K, capacity 19980K, committed 20224K, reserved 1067008K
  class space    used 2312K, capacity 2451K, committed 2560K, reserved 1048576K
Event: 10.556 GC heap after
Heap after GC invocations=4 (full 0):
 PSYoungGen      total 136192K, used 5100K [0x00000000d6800000, 0x00000000df200000, 0x0000000100000000)
  eden space 131072K, 0% used [0x00000000d6800000,0x00000000d6800000,0x00000000de800000)
  from space 5120K, 99% used [0x00000000ded00000,0x00000000df1fb1f8,0x00000000df200000)
  to   space 5120K, 0% used [0x00000000de800000,0x00000000de800000,0x00000000ded00000)
 ParOldGen       total 86016K, used 13606K [0x0000000083800000, 0x0000000088c00000, 0x00000000d6800000)
  object space 86016K, 15% used [0x0000000083800000,0x0000000084549820,0x0000000088c00000)
 Metaspace       used 19532K, capacity 19980K, committed 20224K, reserved 1067008K
  class space    used 2312K, capacity 2451K, committed 2560K, reserved 1048576K
}
Event: 32.995 GC heap before
{Heap before GC invocations=5 (full 0):
 PSYoungGen      total 136192K, used 15834K [0x00000000d6800000, 0x00000000df200000, 0x0000000100000000)
  eden space 131072K, 8% used [0x00000000d6800000,0x00000000d727b7d8,0x00000000de800000)
  from space 5120K, 99% used [0x00000000ded00000,0x00000000df1fb1f8,0x00000000df200000)
  to   space 5120K, 0% used [0x00000000de800000,0x00000000de800000,0x00000000ded00000)
 ParOldGen       total 86016K, used 13606K [0x0000000083800000, 0x0000000088c00000, 0x00000000d6800000)
  object space 86016K, 15% used [0x0000000083800000,0x0000000084549820,0x0000000088c00000)
 Metaspace       used 20651K, capacity 21130K, committed 21296K, reserved 1069056K
  class space    used 2464K, capacity 2620K, committed 2688K, reserved 1048576K

Deoptimization events (10 events):
Event: 3.812 Thread 0x00007fa97c00a000 Uncommon trap: reason=unstable_if action=reinterpret pc=0x00007fa96ccaf9a8 method=java.util.HashMap.hash(Ljava/lang/Object;)I @ 1
Event: 4.191 Thread 0x00007fa97c00a000 Uncommon trap: reason=unstable_if action=reinterpret pc=0x00007fa96ceca83c method=org.codehaus.plexus.util.xml.pull.MXParser.nextImpl()I @ 310
Event: 4.719 Thread 0x00007fa97c00a000 Uncommon trap: reason=unstable_if action=reinterpret pc=0x00007fa96cefd500 method=org.apache.maven.model.interpolation.StringSearchModelInterpolator$InterpolateObjectAction.interpolateMapField(Ljava/lang/Object;Ljava/lang/reflect/Field;)V @ 119
Event: 4.901 Thread 0x00007fa97c00a000 Uncommon trap: reason=unstable_if action=reinterpret pc=0x00007fa96cf0eac0 method=org.codehaus.plexus.util.xml.pull.MXParser.nextImpl()I @ 912
Event: 6.125 Thread 0x00007fa97c00a000 Uncommon trap: reason=unstable_if action=reinterpret pc=0x00007fa96cda9914 method=sun.nio.cs.UTF_8$Decoder.decode([BII[C)I @ 30
Event: 8.438 Thread 0x00007fa97c00a000 Uncommon trap: reason=class_check action=maybe_recompile pc=0x00007fa96cb79870 method=sun.misc.URLClassPath.getLoader(I)Lsun/misc/URLClassPath$Loader; @ 94
Event: 8.464 Thread 0x00007fa97c00a000 Uncommon trap: reason=unstable_if action=reinterpret pc=0x00007fa96cb799c0 method=java.util.HashMap.putVal(ILjava/lang/Object;Ljava/lang/Object;ZZ)Ljava/lang/Object; @ 193
Event: 8.464 Thread 0x00007fa97c00a000 Uncommon trap: reason=unstable_if action=reinterpret pc=0x00007fa96cb7bdc4 method=sun.misc.URLClassPath$JarLoader.getResource(Ljava/lang/String;Z)Lsun/misc/Resource; @ 62
Event: 9.775 Thread 0x00007fa97c00a000 Uncommon trap: reason=null_check action=make_not_entrant pc=0x00007fa96d075408 method=org.apache.maven.model.io.xpp3.MavenXpp3Reader.checkFieldWithDuplicate(Lorg/codehaus/plexus/util/xml/pull/XmlPullParser;Ljava/lang/String;Ljava/lang/String;Ljava/util/Se
Event: 9.949 Thread 0x00007fa97c00a000 Uncommon trap: reason=unstable_if action=reinterpret pc=0x00007fa96d0876fc method=java.lang.ref.ReferenceQueue.poll()Ljava/lang/ref/Reference; @ 4

Internal exceptions (10 events):
Event: 3.811 Thread 0x00007fa97c00a000 Implicit null exception at 0x00007fa96cd5dcf5 to 0x00007fa96cd5ded9
Event: 3.812 Thread 0x00007fa97c00a000 Implicit null exception at 0x00007fa96ccaf92f to 0x00007fa96ccaf999
Event: 6.515 Thread 0x00007fa97c00a000 Exception <a 'java/lang/NoClassDefFoundError': org/slf4j/Logger> (0x00000000d94b4918) thrown at [/build/openjdk-8-8jAw7G/openjdk-8-8u111-b14/src/hotspot/src/share/vm/oops/constantPool.cpp, line 235]
Event: 6.906 Thread 0x00007fa97c00a000 Exception <a 'java/lang/NoClassDefFoundError': org/slf4j/Logger> (0x00000000d9c4fb78) thrown at [/build/openjdk-8-8jAw7G/openjdk-8-8u111-b14/src/hotspot/src/share/vm/oops/constantPool.cpp, line 235]
Event: 9.024 Thread 0x00007fa97c00a000 Exception <a 'java/io/FileNotFoundException'> (0x00000000d8411b40) thrown at [/build/openjdk-8-8jAw7G/openjdk-8-8u111-b14/src/hotspot/src/share/vm/prims/jni.cpp, line 709]
Event: 9.031 Thread 0x00007fa97c00a000 Exception <a 'java/io/FileNotFoundException'> (0x00000000d8435480) thrown at [/build/openjdk-8-8jAw7G/openjdk-8-8u111-b14/src/hotspot/src/share/vm/prims/jni.cpp, line 709]
Event: 9.031 Thread 0x00007fa97c00a000 Exception <a 'java/io/FileNotFoundException'> (0x00000000d8435f60) thrown at [/build/openjdk-8-8jAw7G/openjdk-8-8u111-b14/src/hotspot/src/share/vm/prims/jni.cpp, line 709]
Event: 9.775 Thread 0x00007fa97c00a000 Implicit null exception at 0x00007fa96d074907 to 0x00007fa96d0753f5
Event: 10.262 Thread 0x00007fa97c00a000 Exception <a 'java/lang/NoClassDefFoundError': org/slf4j/Logger> (0x00000000da1c0c58) thrown at [/build/openjdk-8-8jAw7G/openjdk-8-8u111-b14/src/hotspot/src/share/vm/oops/constantPool.cpp, line 235]
Event: 16.309 Thread 0x00007fa97c00a000 Exception <a 'java/lang/NoClassDefFoundError': org/slf4j/Logger> (0x00000000d6d5f920) thrown at [/build/openjdk-8-8jAw7G/openjdk-8-8u111-b14/src/hotspot/src/share/vm/oops/constantPool.cpp, line 235]

Events (10 events):
Event: 32.984 loading class org/apache/maven/plugin/war/util/WebappStructure done
Event: 32.984 loading class org/apache/maven/plugin/war/util/WebappStructure
Event: 32.984 loading class org/apache/maven/plugin/war/util/WebappStructure done
Event: 32.989 loading class org/apache/maven/plugin/war/util/PathSet
Event: 32.989 loading class org/apache/maven/plugin/war/util/PathSet done
Event: 32.989 loading class org/apache/maven/plugin/war/util/PathSet
Event: 32.989 loading class org/apache/maven/plugin/war/util/PathSet done
Event: 32.989 loading class org/apache/maven/plugin/war/util/PathSet
Event: 32.989 loading class org/apache/maven/plugin/war/util/PathSet done
Event: 32.993 Executing VM operation: CollectForMetadataAllocation


Dynamic libraries:
00400000-00401000 r-xp 00000000 08:01 295886                             /usr/lib/jvm/java-8-openjdk-amd64/jre/bin/java
00600000-00601000 r--p 00000000 08:01 295886                             /usr/lib/jvm/java-8-openjdk-amd64/jre/bin/java
00601000-00602000 rw-p 00001000 08:01 295886                             /usr/lib/jvm/java-8-openjdk-amd64/jre/bin/java
01db2000-01dd3000 rw-p 00000000 00:00 0                                  [heap]
83800000-88c00000 rw-p 00000000 00:00 0 
88c00000-d6800000 ---p 00000000 00:00 0 
d6800000-df200000 rw-p 00000000 00:00 0 
e8400000-100000000 ---p 00000000 00:00 0 
100000000-1002a0000 rw-p 00000000 00:00 0 
1002a0000-140000000 ---p 00000000 00:00 0 
7fa938000000-7fa938021000 rw-p 00000000 00:00 0 
7fa938021000-7fa93c000000 ---p 00000000 00:00 0 
7fa93c000000-7fa93c021000 rw-p 00000000 00:00 0 
7fa93c021000-7fa940000000 ---p 00000000 00:00 0 
7fa940000000-7fa940af4000 rw-p 00000000 00:00 0 
7fa940af4000-7fa944000000 ---p 00000000 00:00 0 
7fa944000000-7fa944021000 rw-p 00000000 00:00 0 
7fa944021000-7fa948000000 ---p 00000000 00:00 0 
7fa948000000-7fa948021000 rw-p 00000000 00:00 0 
7fa948021000-7fa94c000000 ---p 00000000 00:00 0 
7fa94c000000-7fa94d666000 rw-p 00000000 00:00 0 
7fa94d666000-7fa950000000 ---p 00000000 00:00 0 
7fa950000000-7fa950021000 rw-p 00000000 00:00 0 
7fa950021000-7fa954000000 ---p 00000000 00:00 0 
7fa954000000-7fa954021000 rw-p 00000000 00:00 0 
7fa954021000-7fa958000000 ---p 00000000 00:00 0 
7fa958000000-7fa958021000 rw-p 00000000 00:00 0 
7fa958021000-7fa95c000000 ---p 00000000 00:00 0 
7fa95c000000-7fa95c021000 rw-p 00000000 00:00 0 
7fa95c021000-7fa960000000 ---p 00000000 00:00 0 
7fa960000000-7fa960021000 rw-p 00000000 00:00 0 
7fa960021000-7fa964000000 ---p 00000000 00:00 0 
7fa9642a5000-7fa9642d1000 rw-p 00000000 00:00 0 
7fa9642d1000-7fa9644a5000 ---p 00000000 00:00 0 
7fa9644a5000-7fa9646a5000 rw-p 00000000 00:00 0 
7fa964838000-7fa96483a000 r--s 00007000 08:01 856796                     /home/gunther/.m2/repository/org/apache/maven/shared/maven-filtering/1.0-beta-2/maven-filtering-1.0-beta-2.jar
7fa96483e000-7fa964840000 r--s 00005000 08:01 856793                     /home/gunther/.m2/repository/xpp3/xpp3_min/1.1.4c/xpp3_min-1.1.4c.jar
7fa964840000-7fa96484b000 r--s 0005f000 08:01 856792                     /home/gunther/.m2/repository/com/thoughtworks/xstream/xstream/1.3.1/xstream-1.3.1.jar
7fa96484b000-7fa96484e000 r--s 0000a000 08:01 856791                     /home/gunther/.m2/repository/org/codehaus/plexus/plexus-io/1.0.1/plexus-io-1.0.1.jar
7fa964852000-7fa964856000 r--s 00029000 08:01 856790                     /home/gunther/.m2/repository/org/codehaus/plexus/plexus-archiver/1.2/plexus-archiver-1.2.jar
7fa96485d000-7fa96485e000 r--s 00004000 08:01 856795                     /home/gunther/.m2/repository/org/apache/maven/maven-archiver/2.4.1/maven-archiver-2.4.1.jar
7fa964862000-7fa964864000 r--s 00011000 08:01 856393                     /home/gunther/.m2/repository/org/apache/maven/plugins/maven-war-plugin/2.1.1/maven-war-plugin-2.1.1.jar
7fa96486b000-7fa96486c000 r--s 00002000 08:01 856722                     /home/gunther/.m2/repository/org/apache/maven/reporting/maven-reporting-api/2.0.9/maven-reporting-api-2.0.9.jar
7fa96486d000-7fa964870000 r--s 00034000 08:01 856723                     /home/gunther/.m2/repository/org/codehaus/plexus/plexus-utils/2.1/plexus-utils-2.1.jar
7fa964877000-7fa964879000 r--s 00006000 08:01 856717                     /home/gunther/.m2/repository/org/apache/maven/shared/maven-common-artifact-filters/1.3/maven-common-artifact-filters-1.3.jar
7fa96487e000-7fa964880000 r--s 0000d000 08:01 856716                     /home/gunther/.m2/repository/org/apache/maven/surefire/maven-surefire-common/2.10/maven-surefire-common-2.10.jar
7fa964884000-7fa964889000 r--s 00023000 08:01 856726                     /home/gunther/.m2/repository/org/apache/maven/surefire/surefire-api/2.10/surefire-api-2.10.jar
7fa964890000-7fa964892000 r--s 00007000 08:01 856718                     /home/gunther/.m2/repository/org/apache/maven/surefire/surefire-booter/2.10/surefire-booter-2.10.jar
7fa964897000-7fa964899000 r--s 00006000 08:01 856388                     /home/gunther/.m2/repository/org/apache/maven/plugins/maven-surefire-plugin/2.10/maven-surefire-plugin-2.10.jar
7fa96489d000-7fa964a9d000 rw-p 00000000 00:00 0 
7fa964a9d000-7fa964b16000 r--s 010ec000 08:01 289024                     /usr/lib/jvm/java-8-openjdk-amd64/lib/tools.jar
7fa964b1b000-7fa964b1d000 r--s 00002000 08:01 856620                     /home/gunther/.m2/repository/org/codehaus/plexus/plexus-compiler-javac/1.8.1/plexus-compiler-javac-1.8.1.jar
7fa964b21000-7fa964b23000 r--s 00000000 08:01 856618                     /home/gunther/.m2/repository/org/codehaus/plexus/plexus-compiler-manager/1.8.1/plexus-compiler-manager-1.8.1.jar
7fa964b25000-7fa964b26000 r--s 00004000 08:01 856617                     /home/gunther/.m2/repository/org/codehaus/plexus/plexus-compiler-api/1.8.1/plexus-compiler-api-1.8.1.jar
7fa964b27000-7fa964b29000 r--s 00006000 08:01 856377                     /home/gunther/.m2/repository/org/apache/maven/plugins/maven-compiler-plugin/2.3.2/maven-compiler-plugin-2.3.2.jar
7fa964b2e000-7fa964d2e000 rw-p 00000000 00:00 0 
7fa964d2e000-7fa964d30000 r--s 0000d000 08:01 856587                     /home/gunther/.m2/repository/org/codehaus/plexus/plexus-interpolation/1.13/plexus-interpolation-1.13.jar
7fa964d32000-7fa964d33000 r--s 00001000 08:01 856581                     /home/gunther/.m2/repository/org/sonatype/plexus/plexus-build-api/0.0.4/plexus-build-api-0.0.4.jar
7fa964d3a000-7fa964d3c000 r--s 00009000 08:01 856580                     /home/gunther/.m2/repository/org/apache/maven/shared/maven-filtering/1.0/maven-filtering-1.0.jar
7fa964d3c000-7fa964d40000 r--s 00033000 08:01 856578                     /home/gunther/.m2/repository/org/codehaus/plexus/plexus-utils/2.0.5/plexus-utils-2.0.5.jar
7fa964d44000-7fa964d47000 r--s 0001b000 08:01 856579                     /home/gunther/.m2/repository/junit/junit/3.8.1/junit-3.8.1.jar
7fa964d4b000-7fa964d4d000 r--s 00002000 08:01 856584                     /home/gunther/.m2/repository/org/codehaus/plexus/plexus-interactivity-api/1.0-alpha-4/plexus-interactivity-api-1.0-alpha-4.jar
7fa964d4f000-7fa964d51000 r--s 00006000 08:01 856574                     /home/gunther/.m2/repository/commons-cli/commons-cli/1.0/commons-cli-1.0.jar
7fa964d52000-7fa964d53000 r--s 00001000 08:01 856573                     /home/gunther/.m2/repository/org/apache/maven/doxia/doxia-sink-api/1.0-alpha-7/doxia-sink-api-1.0-alpha-7.jar
7fa964d53000-7fa964d54000 r--s 00002000 08:01 856572                     /home/gunther/.m2/repository/org/apache/maven/reporting/maven-reporting-api/2.0.6/maven-reporting-api-2.0.6.jar
7fa964d56000-7fa964d58000 r--s 00005000 08:01 856363                     /home/gunther/.m2/repository/org/apache/maven/plugins/maven-resources-plugin/2.5/maven-resources-plugin-2.5.jar
7fa964d59000-7fa964d6a000 r-xp 00000000 08:01 288998                     /usr/lib/jvm/java-8-openjdk-amd64/jre/lib/amd64/libnio.so
7fa964d6a000-7fa964f6a000 ---p 00011000 08:01 288998                     /usr/lib/jvm/java-8-openjdk-amd64/jre/lib/amd64/libnio.so
7fa964f6a000-7fa964f6b000 r--p 00011000 08:01 288998                     /usr/lib/jvm/java-8-openjdk-amd64/jre/lib/amd64/libnio.so
7fa964f6b000-7fa964f6c000 rw-p 00012000 08:01 288998                     /usr/lib/jvm/java-8-openjdk-amd64/jre/lib/amd64/libnio.so
7fa964f70000-7fa965271000 rw-p 00000000 00:00 0 
7fa965271000-7fa965288000 r-xp 00000000 08:01 289093                     /usr/lib/jvm/java-8-openjdk-amd64/jre/lib/amd64/libnet.so
7fa965288000-7fa965487000 ---p 00017000 08:01 289093                     /usr/lib/jvm/java-8-openjdk-amd64/jre/lib/amd64/libnet.so
7fa965487000-7fa965488000 r--p 00016000 08:01 289093                     /usr/lib/jvm/java-8-openjdk-amd64/jre/lib/amd64/libnet.so
7fa965488000-7fa965489000 rw-p 00017000 08:01 289093                     /usr/lib/jvm/java-8-openjdk-amd64/jre/lib/amd64/libnet.so
7fa96548f000-7fa96568f000 rw-p 00000000 00:00 0 
7fa96568f000-7fa965692000 ---p 00000000 00:00 0 
7fa965692000-7fa9656c8000 rw-p 00000000 00:00 0 
7fa9656c8000-7fa9656cc000 r--s 00097000 08:01 289168                     /usr/lib/jvm/java-8-openjdk-amd64/jre/lib/jsse.jar
7fa9656d3000-7fa9658d3000 rw-p 00000000 00:00 0 
7fa9658d3000-7fa9658d4000 r--s 00002000 08:01 1315134                    /opt/idea-IU-162.2032.8/plugins/maven/lib/maven3/lib/wagon-http-shared-2.8.jar
7fa9658d9000-7fa9658db000 r--s 00000000 08:01 1315124                    /opt/idea-IU-162.2032.8/plugins/maven/lib/maven3/lib/plexus-component-annotations-1.5.5.jar
7fa9658db000-7fa9658dc000 r--s 00002000 08:01 1315132                    /opt/idea-IU-162.2032.8/plugins/maven/lib/maven3/lib/wagon-file-2.8.jar
7fa9658dc000-7fa9658dd000 r--s 00003000 08:01 1315105                    /opt/idea-IU-162.2032.8/plugins/maven/lib/maven3/lib/aether-spi-1.13.1.jar
7fa9658e2000-7fa9658e4000 r--s 00009000 08:01 1315107                    /opt/idea-IU-162.2032.8/plugins/maven/lib/maven3/lib/commons-cli-1.2.jar
7fa9658eb000-7fa96590a000 r--s 00152000 08:01 1315128                    /opt/idea-IU-162.2032.8/plugins/maven/lib/maven3/lib/sisu-guava-0.9.9.jar
7fa96590c000-7fa96590e000 r--s 0000b000 08:01 1315119                    /opt/idea-IU-162.2032.8/plugins/maven/lib/maven3/lib/maven-plugin-api-3.0.5.jar
7fa965911000-7fa965919000 r--s 00050000 08:01 1315129                    /opt/idea-IU-162.2032.8/plugins/maven/lib/maven3/lib/sisu-guice-3.1.0-no_aop.jar
7fa96591b000-7fa96591c000 r--s 0000a000 08:01 1315116                    /opt/idea-IU-162.2032.8/plugins/maven/lib/maven3/lib/maven-embedder-3.0.5.jar
7fa96591e000-7fa965921000 r--s 0001d000 08:01 1315104                    /opt/idea-IU-162.2032.8/plugins/maven/lib/maven3/lib/aether-impl-1.13.1.jar
7fa965924000-7fa965927000 r--s 00013000 08:01 1315102                    /opt/idea-IU-162.2032.8/plugins/maven/lib/maven3/lib/aether-api-1.13.1.jar
7fa965927000-7fa965929000 r--s 00006000 08:01 1315120                    /opt/idea-IU-162.2032.8/plugins/maven/lib/maven3/lib/maven-repository-metadata-3.0.5.jar
7fa96592b000-7fa965959000 r--s 001fa000 08:01 1315133                    /opt/idea-IU-162.2032.8/plugins/maven/lib/maven3/lib/wagon-http-2.8-shaded.jar
7fa96595d000-7fa965961000 r--s 0001c000 08:01 1315106                    /opt/idea-IU-162.2032.8/plugins/maven/lib/maven3/lib/aether-util-1.13.1.jar
7fa965967000-7fa965968000 r--s 00006000 08:01 1315126                    /opt/idea-IU-162.2032.8/plugins/maven/lib/maven3/lib/plexus-sec-dispatcher-1.3.jar
7fa965969000-7fa965970000 r--s 00040000 08:01 1315130                    /opt/idea-IU-162.2032.8/plugins/maven/lib/maven3/lib/sisu-inject-bean-2.3.0.jar
7fa965972000-7fa965977000 r--s 00041000 08:01 1315109                    /opt/idea-IU-162.2032.8/plugins/maven/lib/maven3/lib/commons-lang-2.6.jar
7fa96597b000-7fa96597d000 r--s 00002000 08:01 1315123                    /opt/idea-IU-162.2032.8/plugins/maven/lib/maven3/lib/plexus-cipher-1.7.jar
7fa965984000-7fa965988000 r--s 00033000 08:01 1315127                    /opt/idea-IU-162.2032.8/plugins/maven/lib/maven3/lib/plexus-utils-2.0.6.jar
7fa96598f000-7fa965991000 r--s 00026000 08:01 1315117                    /opt/idea-IU-162.2032.8/plugins/maven/lib/maven3/lib/maven-model-3.0.5.jar
7fa965992000-7fa965996000 r--s 00021000 08:01 1315118                    /opt/idea-IU-162.2032.8/plugins/maven/lib/maven3/lib/maven-model-builder-3.0.5.jar
7fa96599d000-7fa96599f000 r--s 0000c000 08:01 1315112                    /opt/idea-IU-162.2032.8/plugins/maven/lib/maven3/lib/maven-aether-provider-3.0.5.jar
7fa9659a0000-7fa9659a6000 r--s 0003f000 08:01 1315114                    /opt/idea-IU-162.2032.8/plugins/maven/lib/maven3/lib/maven-compat-3.0.5.jar
7fa9659a7000-7fa9659a9000 r--s 00006000 08:01 1315103                    /opt/idea-IU-162.2032.8/plugins/maven/lib/maven3/lib/aether-connector-wagon-1.13.1.jar
7fa9659ae000-7fa9659b0000 r--s 0000d000 08:01 1315125                    /opt/idea-IU-162.2032.8/plugins/maven/lib/maven3/lib/plexus-interpolation-1.14.jar
7fa9659b5000-7fa9659bb000 r--s 0002c000 08:01 1315131                    /opt/idea-IU-162.2032.8/plugins/maven/lib/maven3/lib/sisu-inject-plexus-2.3.0.jar
7fa9659bc000-7fa9659be000 r--s 0000b000 08:01 1315135                    /opt/idea-IU-162.2032.8/plugins/maven/lib/maven3/lib/wagon-provider-api-2.8.jar
7fa9659c4000-7fa9659c6000 r--s 0000b000 08:01 1315113                    /opt/idea-IU-162.2032.8/plugins/maven/lib/maven3/lib/maven-artifact-3.0.5.jar
7fa9659c8000-7fa9659cc000 r--s 00027000 08:01 1315108                    /opt/idea-IU-162.2032.8/plugins/maven/lib/maven3/lib/commons-io-2.2.jar
7fa9659ce000-7fa9659da000 r--s 0007d000 08:01 1315115                    /opt/idea-IU-162.2032.8/plugins/maven/lib/maven3/lib/maven-core-3.0.5.jar
7fa9659db000-7fa9659dd000 r--s 0000a000 08:01 1315121                    /opt/idea-IU-162.2032.8/plugins/maven/lib/maven3/lib/maven-settings-3.0.5.jar
7fa9659e1000-7fa9659e4000 r--s 00008000 08:01 1315122                    /opt/idea-IU-162.2032.8/plugins/maven/lib/maven3/lib/maven-settings-builder-3.0.5.jar
7fa9659eb000-7fa9659ed000 r--s 0000a000 08:01 1315098                    /opt/idea-IU-162.2032.8/plugins/maven/lib/maven3/boot/plexus-classworlds-2.4.jar
7fa9659f2000-7fa9659f4000 r--s 00001000 08:01 289139                     /usr/lib/jvm/java-8-openjdk-amd64/jre/lib/ext/dnsns.jar
7fa9659f9000-7fa9659fb000 r--s 00008000 08:01 289135                     /usr/lib/jvm/java-8-openjdk-amd64/jre/lib/ext/sunec.jar
7fa965a01000-7fa965a02000 r--s 00010000 08:01 289137                     /usr/lib/jvm/java-8-openjdk-amd64/jre/lib/ext/zipfs.jar
7fa965a08000-7fa965a0c000 r--s 00037000 08:01 289119                     /usr/lib/jvm/java-8-openjdk-amd64/jre/lib/ext/sunpkcs11.jar
7fa965a0f000-7fa965a19000 r--s 00116000 08:01 289136                     /usr/lib/jvm/java-8-openjdk-amd64/jre/lib/ext/localedata.jar
7fa965a1e000-7fa965a39000 r--s 001d5000 08:01 289117                     /usr/lib/jvm/java-8-openjdk-amd64/jre/lib/ext/nashorn.jar
7fa965a3d000-7fa965a58000 r--s 00394000 08:01 289107                     /usr/lib/jvm/java-8-openjdk-amd64/jre/lib/ext/cldrdata.jar
7fa965a5c000-7fa965a5d000 ---p 00000000 00:00 0 
7fa965a5d000-7fa965b5d000 rw-p 00000000 00:00 0 
7fa965b5d000-7fa965b60000 ---p 00000000 00:00 0 
7fa965b60000-7fa965c5e000 rw-p 00000000 00:00 0 
7fa965c5e000-7fa965c61000 ---p 00000000 00:00 0 
7fa965c61000-7fa965d5f000 rw-p 00000000 00:00 0 
7fa965d5f000-7fa965d62000 ---p 00000000 00:00 0 
7fa965d62000-7fa965e60000 rw-p 00000000 00:00 0 
7fa965e60000-7fa965e63000 ---p 00000000 00:00 0 
7fa965e63000-7fa965f61000 rw-p 00000000 00:00 0 
7fa965f61000-7fa966661000 r--p 00000000 08:01 5552                       /usr/lib/locale/locale-archive
7fa966665000-7fa966668000 ---p 00000000 00:00 0 
7fa966668000-7fa966766000 rw-p 00000000 00:00 0 
7fa966766000-7fa966769000 ---p 00000000 00:00 0 
7fa966769000-7fa966867000 rw-p 00000000 00:00 0 
7fa966867000-7fa966868000 ---p 00000000 00:00 0 
7fa966868000-7fa967292000 rw-p 00000000 00:00 0 
7fa967292000-7fa967460000 r--s 03bf1000 08:01 289151                     /usr/lib/jvm/java-8-openjdk-amd64/jre/lib/rt.jar
7fa967467000-7fa96be8b000 rw-p 00000000 00:00 0 
7fa96be8b000-7fa96be8c000 ---p 00000000 00:00 0 
7fa96be8c000-7fa96bfb6000 rw-p 00000000 00:00 0 
7fa96bfb6000-7fa96c224000 ---p 00000000 00:00 0 
7fa96c224000-7fa96c24e000 rw-p 00000000 00:00 0 
7fa96c24e000-7fa96c4bc000 ---p 00000000 00:00 0 
7fa96c4bc000-7fa96c501000 rw-p 00000000 00:00 0 
7fa96c501000-7fa96c608000 ---p 00000000 00:00 0 
7fa96c608000-7fa96c62d000 rw-p 00000000 00:00 0 
7fa96c62d000-7fa96c9c9000 ---p 00000000 00:00 0 
7fa96c9c9000-7fa96d2b9000 rwxp 00000000 00:00 0 
7fa96d2b9000-7fa97b9c9000 ---p 00000000 00:00 0 
7fa97b9c9000-7fa97b9d1000 r-xp 00000000 08:01 289014                     /usr/lib/jvm/java-8-openjdk-amd64/jre/lib/amd64/libzip.so
7fa97b9d1000-7fa97bbd0000 ---p 00008000 08:01 289014                     /usr/lib/jvm/java-8-openjdk-amd64/jre/lib/amd64/libzip.so
7fa97bbd0000-7fa97bbd1000 r--p 00007000 08:01 289014                     /usr/lib/jvm/java-8-openjdk-amd64/jre/lib/amd64/libzip.so
7fa97bbd1000-7fa97bbd2000 rw-p 00008000 08:01 289014                     /usr/lib/jvm/java-8-openjdk-amd64/jre/lib/amd64/libzip.so
7fa97bbd9000-7fa97bbe4000 r-xp 00000000 08:01 267541                     /lib/x86_64-linux-gnu/libnss_files-2.23.so
7fa97bbe4000-7fa97bde3000 ---p 0000b000 08:01 267541                     /lib/x86_64-linux-gnu/libnss_files-2.23.so
7fa97bde3000-7fa97bde4000 r--p 0000a000 08:01 267541                     /lib/x86_64-linux-gnu/libnss_files-2.23.so
7fa97bde4000-7fa97bde5000 rw-p 0000b000 08:01 267541                     /lib/x86_64-linux-gnu/libnss_files-2.23.so
7fa97bde5000-7fa97bdeb000 rw-p 00000000 00:00 0 
7fa97bdf1000-7fa97bdfc000 r-xp 00000000 08:01 267552                     /lib/x86_64-linux-gnu/libnss_nis-2.23.so
7fa97bdfc000-7fa97bffb000 ---p 0000b000 08:01 267552                     /lib/x86_64-linux-gnu/libnss_nis-2.23.so
7fa97bffb000-7fa97bffc000 r--p 0000a000 08:01 267552                     /lib/x86_64-linux-gnu/libnss_nis-2.23.so
7fa97bffc000-7fa97bffd000 rw-p 0000b000 08:01 267552                     /lib/x86_64-linux-gnu/libnss_nis-2.23.so
7fa97c000000-7fa97cbd6000 rw-p 00000000 00:00 0 
7fa97cbd6000-7fa980000000 ---p 00000000 00:00 0 
7fa980003000-7fa980004000 r--s 0000a000 08:01 289120                     /usr/lib/jvm/java-8-openjdk-amd64/jre/lib/ext/jaccess.jar
7fa980008000-7fa98000b000 r--s 0000f000 08:01 289138                     /usr/lib/jvm/java-8-openjdk-amd64/jre/lib/ext/icedtea-sound.jar
7fa98000c000-7fa980011000 r--s 0003b000 08:01 289118                     /usr/lib/jvm/java-8-openjdk-amd64/jre/lib/ext/sunjce_provider.jar
7fa980015000-7fa9800d8000 rw-p 00000000 00:00 0 
7fa9800d8000-7fa9800d9000 ---p 00000000 00:00 0 
7fa9800d9000-7fa9801d9000 rw-p 00000000 00:00 0 
7fa9801d9000-7fa9801ef000 r-xp 00000000 08:01 267535                     /lib/x86_64-linux-gnu/libnsl-2.23.so
7fa9801ef000-7fa9803ee000 ---p 00016000 08:01 267535                     /lib/x86_64-linux-gnu/libnsl-2.23.so
7fa9803ee000-7fa9803ef000 r--p 00015000 08:01 267535                     /lib/x86_64-linux-gnu/libnsl-2.23.so
7fa9803ef000-7fa9803f0000 rw-p 00016000 08:01 267535                     /lib/x86_64-linux-gnu/libnsl-2.23.so
7fa9803f0000-7fa9803f2000 rw-p 00000000 00:00 0 
7fa9803f9000-7fa980401000 r-xp 00000000 08:01 267537                     /lib/x86_64-linux-gnu/libnss_compat-2.23.so
7fa980401000-7fa980600000 ---p 00008000 08:01 267537                     /lib/x86_64-linux-gnu/libnss_compat-2.23.so
7fa980600000-7fa980601000 r--p 00007000 08:01 267537                     /lib/x86_64-linux-gnu/libnss_compat-2.23.so
7fa980601000-7fa980602000 rw-p 00008000 08:01 267537                     /lib/x86_64-linux-gnu/libnss_compat-2.23.so
7fa980609000-7fa980636000 r-xp 00000000 08:01 288692                     /usr/lib/jvm/java-8-openjdk-amd64/jre/lib/amd64/libjava.so
7fa980636000-7fa980835000 ---p 0002d000 08:01 288692                     /usr/lib/jvm/java-8-openjdk-amd64/jre/lib/amd64/libjava.so
7fa980835000-7fa980836000 r--p 0002c000 08:01 288692                     /usr/lib/jvm/java-8-openjdk-amd64/jre/lib/amd64/libjava.so
7fa980836000-7fa980838000 rw-p 0002d000 08:01 288692                     /usr/lib/jvm/java-8-openjdk-amd64/jre/lib/amd64/libjava.so
7fa980839000-7fa980848000 r-xp 00000000 08:01 289004                     /usr/lib/jvm/java-8-openjdk-amd64/jre/lib/amd64/libverify.so
7fa980848000-7fa980a47000 ---p 0000f000 08:01 289004                     /usr/lib/jvm/java-8-openjdk-amd64/jre/lib/amd64/libverify.so
7fa980a47000-7fa980a49000 r--p 0000e000 08:01 289004                     /usr/lib/jvm/java-8-openjdk-amd64/jre/lib/amd64/libverify.so
7fa980a49000-7fa980a4a000 rw-p 00010000 08:01 289004                     /usr/lib/jvm/java-8-openjdk-amd64/jre/lib/amd64/libverify.so
7fa980a51000-7fa980a58000 r-xp 00000000 08:01 267597                     /lib/x86_64-linux-gnu/librt-2.23.so
7fa980a58000-7fa980c57000 ---p 00007000 08:01 267597                     /lib/x86_64-linux-gnu/librt-2.23.so
7fa980c57000-7fa980c58000 r--p 00006000 08:01 267597                     /lib/x86_64-linux-gnu/librt-2.23.so
7fa980c58000-7fa980c59000 rw-p 00007000 08:01 267597                     /lib/x86_64-linux-gnu/librt-2.23.so
7fa980c59000-7fa980c6f000 r-xp 00000000 08:01 267482                     /lib/x86_64-linux-gnu/libgcc_s.so.1
7fa980c6f000-7fa980e6e000 ---p 00016000 08:01 267482                     /lib/x86_64-linux-gnu/libgcc_s.so.1
7fa980e6e000-7fa980e6f000 rw-p 00015000 08:01 267482                     /lib/x86_64-linux-gnu/libgcc_s.so.1
7fa980e71000-7fa980f79000 r-xp 00000000 08:01 267514                     /lib/x86_64-linux-gnu/libm-2.23.so
7fa980f79000-7fa981178000 ---p 00108000 08:01 267514                     /lib/x86_64-linux-gnu/libm-2.23.so
7fa981178000-7fa981179000 r--p 00107000 08:01 267514                     /lib/x86_64-linux-gnu/libm-2.23.so
7fa981179000-7fa98117a000 rw-p 00108000 08:01 267514                     /lib/x86_64-linux-gnu/libm-2.23.so
7fa981181000-7fa9812f3000 r-xp 00000000 08:01 223                        /usr/lib/x86_64-linux-gnu/libstdc++.so.6.0.21
7fa9812f3000-7fa9814f3000 ---p 00172000 08:01 223                        /usr/lib/x86_64-linux-gnu/libstdc++.so.6.0.21
7fa9814f3000-7fa9814fd000 r--p 00172000 08:01 223                        /usr/lib/x86_64-linux-gnu/libstdc++.so.6.0.21
7fa9814fd000-7fa9814ff000 rw-p 0017c000 08:01 223                        /usr/lib/x86_64-linux-gnu/libstdc++.so.6.0.21
7fa9814ff000-7fa981503000 rw-p 00000000 00:00 0 
7fa981509000-7fa982158000 r-xp 00000000 08:01 289015                     /usr/lib/jvm/java-8-openjdk-amd64/jre/lib/amd64/server/libjvm.so
7fa982158000-7fa982357000 ---p 00c4f000 08:01 289015                     /usr/lib/jvm/java-8-openjdk-amd64/jre/lib/amd64/server/libjvm.so
7fa982357000-7fa9823ea000 r--p 00c4e000 08:01 289015                     /usr/lib/jvm/java-8-openjdk-amd64/jre/lib/amd64/server/libjvm.so
7fa9823ea000-7fa982413000 rw-p 00ce1000 08:01 289015                     /usr/lib/jvm/java-8-openjdk-amd64/jre/lib/amd64/server/libjvm.so
7fa982413000-7fa982443000 rw-p 00000000 00:00 0 
7fa982449000-7fa982461000 r-xp 00000000 08:01 267589                     /lib/x86_64-linux-gnu/libpthread-2.23.so
7fa982461000-7fa982660000 ---p 00018000 08:01 267589                     /lib/x86_64-linux-gnu/libpthread-2.23.so
7fa982660000-7fa982661000 r--p 00017000 08:01 267589                     /lib/x86_64-linux-gnu/libpthread-2.23.so
7fa982661000-7fa982662000 rw-p 00018000 08:01 267589                     /lib/x86_64-linux-gnu/libpthread-2.23.so
7fa982662000-7fa982666000 rw-p 00000000 00:00 0 
7fa982669000-7fa98266c000 r-xp 00000000 08:01 267468                     /lib/x86_64-linux-gnu/libdl-2.23.so
7fa98266c000-7fa98286b000 ---p 00003000 08:01 267468                     /lib/x86_64-linux-gnu/libdl-2.23.so
7fa98286b000-7fa98286c000 r--p 00002000 08:01 267468                     /lib/x86_64-linux-gnu/libdl-2.23.so
7fa98286c000-7fa98286d000 rw-p 00003000 08:01 267468                     /lib/x86_64-linux-gnu/libdl-2.23.so
7fa982871000-7fa98288a000 r-xp 00000000 08:01 267633                     /lib/x86_64-linux-gnu/libz.so.1.2.8
7fa98288a000-7fa982a89000 ---p 00019000 08:01 267633                     /lib/x86_64-linux-gnu/libz.so.1.2.8
7fa982a89000-7fa982a8a000 r--p 00018000 08:01 267633                     /lib/x86_64-linux-gnu/libz.so.1.2.8
7fa982a8a000-7fa982a8b000 rw-p 00019000 08:01 267633                     /lib/x86_64-linux-gnu/libz.so.1.2.8
7fa982a91000-7fa982c51000 r-xp 00000000 08:01 267446                     /lib/x86_64-linux-gnu/libc-2.23.so
7fa982c51000-7fa982e50000 ---p 001c0000 08:01 267446                     /lib/x86_64-linux-gnu/libc-2.23.so
7fa982e50000-7fa982e54000 r--p 001bf000 08:01 267446                     /lib/x86_64-linux-gnu/libc-2.23.so
7fa982e54000-7fa982e56000 rw-p 001c3000 08:01 267446                     /lib/x86_64-linux-gnu/libc-2.23.so
7fa982e56000-7fa982e5a000 rw-p 00000000 00:00 0 
7fa982e61000-7fa982e6e000 r-xp 00000000 08:01 289002                     /usr/lib/jvm/java-8-openjdk-amd64/jre/lib/amd64/jli/libjli.so
7fa982e6e000-7fa98306e000 ---p 0000d000 08:01 289002                     /usr/lib/jvm/java-8-openjdk-amd64/jre/lib/amd64/jli/libjli.so
7fa98306e000-7fa98306f000 r--p 0000d000 08:01 289002                     /usr/lib/jvm/java-8-openjdk-amd64/jre/lib/amd64/jli/libjli.so
7fa98306f000-7fa983070000 rw-p 0000e000 08:01 289002                     /usr/lib/jvm/java-8-openjdk-amd64/jre/lib/amd64/jli/libjli.so
7fa983071000-7fa983097000 r-xp 00000000 08:01 267418                     /lib/x86_64-linux-gnu/ld-2.23.so
7fa98309d000-7fa983189000 rw-p 00000000 00:00 0 
7fa983189000-7fa983191000 rw-s 00000000 08:01 973789                     /tmp/hsperfdata_gunther/14621
7fa983191000-7fa983192000 r--p 00000000 00:00 0 
7fa983192000-7fa983193000 rw-p 00000000 00:00 0 
7fa983193000-7fa983194000 ---p 00000000 00:00 0 
7fa983194000-7fa983197000 ---p 00000000 00:00 0 
7fa983197000-7fa983296000 rw-p 00000000 00:00 0 
7fa983296000-7fa983297000 r--p 00025000 08:01 267418                     /lib/x86_64-linux-gnu/ld-2.23.so
7fa983297000-7fa983298000 rw-p 00026000 08:01 267418                     /lib/x86_64-linux-gnu/ld-2.23.so
7fa983298000-7fa98329a000 rw-p 00000000 00:00 0 
7fa98329a000-7fa98329f000 rw-p 00000000 00:00 0 
7ffe89345000-7ffe89366000 rw-p 00000000 00:00 0                          [stack]
7ffe89399000-7ffe8939b000 r--p 00000000 00:00 0                          [vvar]
7ffe8939b000-7ffe8939d000 r-xp 00000000 00:00 0                          [vdso]
ffffffffff600000-ffffffffff601000 r-xp 00000000 00:00 0                  [vsyscall]

VM Arguments:
jvm_args: -Dmaven.home=/opt/idea-IU-162.2032.8/plugins/maven/lib/maven3 -Dclassworlds.conf=/opt/idea-IU-162.2032.8/plugins/maven/lib/maven3/bin/m2.conf -Dfile.encoding=UTF-8 
java_command: org.codehaus.classworlds.Launcher -Didea.version=2016.2.4 install -Dmaven.test.skip=true
java_class_path (initial): /opt/idea-IU-162.2032.8/plugins/maven/lib/maven3/boot/plexus-classworlds-2.4.jar
Launcher Type: SUN_STANDARD

Environment Variables:
PATH=/home/gunther/bin:/home/gunther/.local/bin:/usr/local/sbin:/usr/local/bin:/usr/sbin:/usr/bin:/sbin:/bin:/usr/games:/usr/local/games:/snap/bin
USERNAME=gunther
LD_LIBRARY_PATH=/opt/idea-IU-162.2032.8/bin:
SHELL=/bin/bash
DISPLAY=:1

Signal Handlers:
SIGSEGV: [libjvm.so+0xa65880], sa_mask[0]=11111111011111111101111111111110, sa_flags=SA_RESTART|SA_SIGINFO
SIGBUS: [libjvm.so+0xa65880], sa_mask[0]=11111111011111111101111111111110, sa_flags=SA_RESTART|SA_SIGINFO
SIGFPE: [libjvm.so+0x8af1c0], sa_mask[0]=11111111011111111101111111111110, sa_flags=SA_RESTART|SA_SIGINFO
SIGPIPE: [libjvm.so+0x8af1c0], sa_mask[0]=11111111011111111101111111111110, sa_flags=SA_RESTART|SA_SIGINFO
SIGXFSZ: [libjvm.so+0x8af1c0], sa_mask[0]=11111111011111111101111111111110, sa_flags=SA_RESTART|SA_SIGINFO
SIGILL: [libjvm.so+0x8af1c0], sa_mask[0]=11111111011111111101111111111110, sa_flags=SA_RESTART|SA_SIGINFO
SIGUSR1: SIG_DFL, sa_mask[0]=00000000000000000000000000000000, sa_flags=none
SIGUSR2: [libjvm.so+0x8af070], sa_mask[0]=00100000000000000000000000000000, sa_flags=SA_RESTART|SA_SIGINFO
SIGHUP: [libjvm.so+0x8af540], sa_mask[0]=11111111011111111101111111111110, sa_flags=SA_RESTART|SA_SIGINFO
SIGINT: [libjvm.so+0x8af540], sa_mask[0]=11111111011111111101111111111110, sa_flags=SA_RESTART|SA_SIGINFO
SIGTERM: [libjvm.so+0x8af540], sa_mask[0]=11111111011111111101111111111110, sa_flags=SA_RESTART|SA_SIGINFO
SIGQUIT: [libjvm.so+0x8af540], sa_mask[0]=11111111011111111101111111111110, sa_flags=SA_RESTART|SA_SIGINFO


---------------  S Y S T E M  ---------------

OS:DISTRIB_ID=Ubuntu
DISTRIB_RELEASE=16.04
DISTRIB_CODENAME=xenial
DISTRIB_DESCRIPTION="Ubuntu 16.04.1 LTS"

uname:Linux 4.4.0-51-generic #72-Ubuntu SMP Thu Nov 24 18:29:54 UTC 2016 x86_64
libc:glibc 2.23 NPTL 2.23 
rlimit: STACK 8192k, CORE 0k, NPROC 31708, NOFILE 65536, AS infinity
load average:5.26 1.83 1.33

/proc/meminfo:
MemTotal:        8157596 kB
MemFree:          116956 kB
MemAvailable:      30944 kB
Buffers:             764 kB
Cached:           123476 kB
SwapCached:        42876 kB
Active:          3689204 kB
Inactive:        1052800 kB
Active(anon):    3676912 kB
Inactive(anon):  1040104 kB
Active(file):      12292 kB
Inactive(file):    12696 kB
Unevictable:         152 kB
Mlocked:             152 kB
SwapTotal:       1046524 kB
SwapFree:              0 kB
Dirty:                56 kB
Writeback:             0 kB
AnonPages:       4575348 kB
Mapped:            56424 kB
Shmem:             99000 kB
Slab:             169568 kB
SReclaimable:      76908 kB
SUnreclaim:        92660 kB
KernelStack:       16896 kB
PageTables:        58840 kB
NFS_Unstable:          0 kB
Bounce:                0 kB
WritebackTmp:          0 kB
CommitLimit:     5125320 kB
Committed_AS:   11917596 kB
VmallocTotal:   34359738367 kB
VmallocUsed:           0 kB
VmallocChunk:          0 kB
HardwareCorrupted:     0 kB
AnonHugePages:   2891776 kB
CmaTotal:              0 kB
CmaFree:               0 kB
HugePages_Total:       0
HugePages_Free:        0
HugePages_Rsvd:        0
HugePages_Surp:        0
Hugepagesize:       2048 kB
DirectMap4k:      235328 kB
DirectMap2M:     8153088 kB
DirectMap1G:     2097152 kB


CPU:total 2 (1 cores per cpu, 1 threads per core) family 21 model 2 stepping 0, cmov, cx8, fxsr, mmx, sse, sse2, sse3, ssse3, sse4.1, sse4.2, popcnt, avx, aes, clmul, mmxext, 3dnowpref, lzcnt, sse4a, tsc, tscinvbit, tscinv, bmi1

/proc/cpuinfo:
processor	: 0
vendor_id	: AuthenticAMD
cpu family	: 21
model		: 2
model name	: AMD FX(tm)-8350 Eight-Core Processor
stepping	: 0
microcode	: 0x6000822
cpu MHz		: 4319.990
cache size	: 2048 KB
physical id	: 0
siblings	: 1
core id		: 0
cpu cores	: 1
apicid		: 0
initial apicid	: 0
fpu		: yes
fpu_exception	: yes
cpuid level	: 13
wp		: yes
flags		: fpu vme de pse tsc msr pae mce cx8 apic sep mtrr pge mca cmov pat pse36 clflush mmx fxsr sse sse2 syscall nx mmxext fxsr_opt pdpe1gb rdtscp lm constant_tsc rep_good nopl tsc_reliable nonstop_tsc aperfmperf pni pclmulqdq ssse3 fma cx16 sse4_1 sse4_2 x2apic popcnt aes xsave avx f16c hypervisor lahf_lm svm extapic cr8_legacy abm sse4a misalignsse 3dnowprefetch osvw xop fma4 tbm perfctr_core vmmcall bmi1 arat npt svm_lock nrip_save vmcb_clean flushbyasid decodeassists
bugs		: fxsave_leak sysret_ss_attrs
bogomips	: 8639.98
TLB size	: 1536 4K pages
clflush size	: 64
cache_alignment	: 64
address sizes	: 42 bits physical, 48 bits virtual
power management:

processor	: 1
vendor_id	: AuthenticAMD
cpu family	: 21
model		: 2
model name	: AMD FX(tm)-8350 Eight-Core Processor
stepping	: 0
microcode	: 0x6000822
cpu MHz		: 4319.990
cache size	: 2048 KB
physical id	: 2
siblings	: 1
core id		: 0
cpu cores	: 1
apicid		: 2
initial apicid	: 2
fpu		: yes
fpu_exception	: yes
cpuid level	: 13
wp		: yes
flags		: fpu vme de pse tsc msr pae mce cx8 apic sep mtrr pge mca cmov pat pse36 clflush mmx fxsr sse sse2 syscall nx mmxext fxsr_opt pdpe1gb rdtscp lm constant_tsc rep_good nopl tsc_reliable nonstop_tsc aperfmperf pni pclmulqdq ssse3 fma cx16 sse4_1 sse4_2 x2apic popcnt aes xsave avx f16c hypervisor lahf_lm svm extapic cr8_legacy abm sse4a misalignsse 3dnowprefetch osvw xop fma4 tbm perfctr_core vmmcall bmi1 arat npt svm_lock nrip_save vmcb_clean flushbyasid decodeassists
bugs		: fxsave_leak sysret_ss_attrs
bogomips	: 8639.98
TLB size	: 1536 4K pages
clflush size	: 64
cache_alignment	: 64
address sizes	: 42 bits physical, 48 bits virtual
power management:



Memory: 4k page, physical 8157596k(116760k free), swap 1046524k(0k free)

vm_info: OpenJDK 64-Bit Server VM (25.111-b14) for linux-amd64 JRE (1.8.0_111-8u111-b14-2ubuntu0.16.04.2-b14), built on Oct 27 2016 18:10:19 by "buildd" with gcc 5.4.0 20160609

time: Fri Dec  2 19:54:35 2016
elapsed time: 34 seconds (0d 0h 0m 34s)

