#
# There is insufficient memory for the Java Runtime Environment to continue.
# Native memory allocation (mmap) failed to map 67108864 bytes for committing reserved memory.
# Possible reasons:
#   The system is out of physical RAM or swap space
#   In 32 bit mode, the process size limit was hit
# Possible solutions:
#   Reduce memory load on the system
#   Increase physical memory or swap space
#   Check if swap backing store is full
#   Use 64 bit Java on a 64 bit OS
#   Decrease Java heap size (-Xmx/-Xms)
#   Decrease number of Java threads
#   Decrease Java thread stack sizes (-Xss)
#   Set larger code cache with -XX:ReservedCodeCacheSize=
# This output file may be truncated or incomplete.
#
#  Out of Memory Error (os_linux.cpp:2630), pid=8892, tid=139998326834944
#
# JRE version: OpenJDK Runtime Environment (8.0_91-b14) (build 1.8.0_91-8u91-b14-3ubuntu1~16.04.1-b14)
# Java VM: OpenJDK 64-Bit Server VM (25.91-b14 mixed mode linux-amd64 compressed oops)
# Failed to write core dump. Core dumps have been disabled. To enable core dumping, try "ulimit -c unlimited" before starting Java again
#

---------------  T H R E A D  ---------------

Current thread (0x00007f53fc073800):  VMThread [stack: 0x00007f53e67a4000,0x00007f53e68a5000] [id=8896]

Stack: [0x00007f53e67a4000,0x00007f53e68a5000],  sp=0x00007f53e68a34c0,  free space=1021k
Native frames: (J=compiled Java code, j=interpreted, Vv=VM code, C=native code)
V  [libjvm.so+0xa5de1b]
V  [libjvm.so+0x4c178c]
V  [libjvm.so+0x8ae9d0]
V  [libjvm.so+0x8a8e4e]
V  [libjvm.so+0x922f46]
V  [libjvm.so+0x924273]
V  [libjvm.so+0x920923]
V  [libjvm.so+0x920bec]
V  [libjvm.so+0x8d3263]
V  [libjvm.so+0xa5fad2]
V  [libjvm.so+0xa64b57]
V  [libjvm.so+0xa62327]
V  [libjvm.so+0xa637af]
V  [libjvm.so+0xa63ca1]
V  [libjvm.so+0x8abeb2]

VM_Operation (0x00007f54031d69e0): ParallelGCFailedAllocation, mode: safepoint, requested by thread 0x00007f53fc00a000


---------------  P R O C E S S  ---------------

Java Threads: ( => current thread )
  0x00007f53fc0af000 JavaThread "Service Thread" daemon [_thread_blocked, id=8902, stack(0x00007f53e5a9d000,0x00007f53e5b9e000)]
  0x00007f53fc0ac000 JavaThread "C1 CompilerThread1" daemon [_thread_blocked, id=8901, stack(0x00007f53e5b9e000,0x00007f53e5c9f000)]
  0x00007f53fc0a9000 JavaThread "C2 CompilerThread0" daemon [_thread_blocked, id=8900, stack(0x00007f53e5c9f000,0x00007f53e5da0000)]
  0x00007f53fc0a7000 JavaThread "Signal Dispatcher" daemon [_thread_blocked, id=8899, stack(0x00007f53e5da0000,0x00007f53e5ea1000)]
  0x00007f53fc07f800 JavaThread "Finalizer" daemon [_thread_blocked, id=8898, stack(0x00007f53e65a2000,0x00007f53e66a3000)]
  0x00007f53fc07b000 JavaThread "Reference Handler" daemon [_thread_blocked, id=8897, stack(0x00007f53e66a3000,0x00007f53e67a4000)]
  0x00007f53fc00a000 JavaThread "main" [_thread_blocked, id=8893, stack(0x00007f54030d9000,0x00007f54031da000)]

Other Threads:
=>0x00007f53fc073800 VMThread [stack: 0x00007f53e67a4000,0x00007f53e68a5000] [id=8896]
  0x00007f53fc0c5800 WatcherThread [stack: 0x00007f53e599c000,0x00007f53e5a9d000] [id=8903]

VM state:at safepoint (normal execution)

VM Mutex/Monitor currently owned by a thread:  ([mutex/lock_event])
[0x00007f53fc006520] Threads_lock - owner thread: 0x00007f53fc073800
[0x00007f53fc006a20] Heap_lock - owner thread: 0x00007f53fc00a000

Heap:
 PSYoungGen      total 70656K, used 5088K [0x00000000d6800000, 0x00000000db200000, 0x0000000100000000)
  eden space 65536K, 0% used [0x00000000d6800000,0x00000000d6800000,0x00000000da800000)
  from space 5120K, 99% used [0x00000000da800000,0x00000000dacf8020,0x00000000dad00000)
  to   space 5120K, 0% used [0x00000000dad00000,0x00000000dad00000,0x00000000db200000)
 ParOldGen       total 86016K, used 4071K [0x0000000083800000, 0x0000000088c00000, 0x00000000d6800000)
  object space 86016K, 4% used [0x0000000083800000,0x0000000083bf9c18,0x0000000088c00000)
 Metaspace       used 14296K, capacity 14638K, committed 14976K, reserved 1062912K
  class space    used 1678K, capacity 1801K, committed 1920K, reserved 1048576K

Card table byte_map: [0x00007f53ec224000,0x00007f53ec609000] byte_map_base: 0x00007f53ebe08000

Marking Bits: (ParMarkBitMap*) 0x00007f540236dfc0
 Begin Bits: [0x00007f53e804b000, 0x00007f53e9f6b000)
 End Bits:   [0x00007f53e9f6b000, 0x00007f53ebe8b000)

Polling page: 0x00007f54030d8000

CodeCache: size=245760Kb used=6837Kb max_used=7324Kb free=238922Kb
 bounds [0x00007f53ec9c9000, 0x00007f53ed0f9000, 0x00007f53fb9c9000]
 total_blobs=2486 nmethods=2152 adapters=249
 compilation: enabled

Compilation events (10 events):
Event: 150.922 Thread 0x00007f53fc0ac000 nmethod 2321 0x00007f53ecc1aed0 code [0x00007f53ecc1b100, 0x00007f53ecc1bd48]
Event: 152.570 Thread 0x00007f53fc0ac000 2323       3       org.apache.maven.model.BuildBase::<init> (5 bytes)
Event: 152.616 Thread 0x00007f53fc0a9000 nmethod 2318 0x00007f53eccf7c50 code [0x00007f53eccf7da0, 0x00007f53eccf7e38]
Event: 152.664 Thread 0x00007f53fc0a9000 2322       4       java.util.ArrayList::toArray (12 bytes)
Event: 152.774 Thread 0x00007f53fc0ac000 nmethod 2323 0x00007f53ecb14910 code [0x00007f53ecb14a80, 0x00007f53ecb14cf0]
Event: 152.870 Thread 0x00007f53fc0ac000 2325   !   3       sun.reflect.GeneratedMethodAccessor2::invoke (61 bytes)
Event: 155.638 Thread 0x00007f53fc0ac000 nmethod 2325 0x00007f53ecbda090 code [0x00007f53ecbda260, 0x00007f53ecbda948]
Event: 155.642 Thread 0x00007f53fc0a9000 nmethod 2322 0x00007f53ecb22690 code [0x00007f53ecb227e0, 0x00007f53ecb22998]
Event: 155.724 Thread 0x00007f53fc0a9000 2326       4       java.lang.ref.Reference::<init> (25 bytes)
Event: 155.724 Thread 0x00007f53fc0ac000 2328   !   3       org.apache.maven.model.profile.DefaultProfileSelector::isActive (99 bytes)

GC Heap History (5 events):
Event: 1.373 GC heap before
{Heap before GC invocations=1 (full 0):
 PSYoungGen      total 37888K, used 32768K [0x00000000d6800000, 0x00000000d9200000, 0x0000000100000000)
  eden space 32768K, 100% used [0x00000000d6800000,0x00000000d8800000,0x00000000d8800000)
  from space 5120K, 0% used [0x00000000d8d00000,0x00000000d8d00000,0x00000000d9200000)
  to   space 5120K, 0% used [0x00000000d8800000,0x00000000d8800000,0x00000000d8d00000)
 ParOldGen       total 86016K, used 0K [0x0000000083800000, 0x0000000088c00000, 0x00000000d6800000)
  object space 86016K, 0% used [0x0000000083800000,0x0000000083800000,0x0000000088c00000)
 Metaspace       used 7477K, capacity 7618K, committed 7680K, reserved 1056768K
  class space    used 911K, capacity 985K, committed 1024K, reserved 1048576K
Event: 1.461 GC heap after
Heap after GC invocations=1 (full 0):
 PSYoungGen      total 37888K, used 4278K [0x00000000d6800000, 0x00000000db200000, 0x0000000100000000)
  eden space 32768K, 0% used [0x00000000d6800000,0x00000000d6800000,0x00000000d8800000)
  from space 5120K, 83% used [0x00000000d8800000,0x00000000d8c2db90,0x00000000d8d00000)
  to   space 5120K, 0% used [0x00000000dad00000,0x00000000dad00000,0x00000000db200000)
 ParOldGen       total 86016K, used 8K [0x0000000083800000, 0x0000000088c00000, 0x00000000d6800000)
  object space 86016K, 0% used [0x0000000083800000,0x0000000083802000,0x0000000088c00000)
 Metaspace       used 7477K, capacity 7618K, committed 7680K, reserved 1056768K
  class space    used 911K, capacity 985K, committed 1024K, reserved 1048576K
}
Event: 23.745 GC heap before
{Heap before GC invocations=2 (full 0):
 PSYoungGen      total 37888K, used 37046K [0x00000000d6800000, 0x00000000db200000, 0x0000000100000000)
  eden space 32768K, 100% used [0x00000000d6800000,0x00000000d8800000,0x00000000d8800000)
  from space 5120K, 83% used [0x00000000d8800000,0x00000000d8c2db90,0x00000000d8d00000)
  to   space 5120K, 0% used [0x00000000dad00000,0x00000000dad00000,0x00000000db200000)
 ParOldGen       total 86016K, used 8K [0x0000000083800000, 0x0000000088c00000, 0x00000000d6800000)
  object space 86016K, 0% used [0x0000000083800000,0x0000000083802000,0x0000000088c00000)
 Metaspace       used 12816K, capacity 13070K, committed 13184K, reserved 1060864K
  class space    used 1540K, capacity 1649K, committed 1664K, reserved 1048576K
Event: 23.831 GC heap after
Heap after GC invocations=2 (full 0):
 PSYoungGen      total 70656K, used 5089K [0x00000000d6800000, 0x00000000db200000, 0x0000000100000000)
  eden space 65536K, 0% used [0x00000000d6800000,0x00000000d6800000,0x00000000da800000)
  from space 5120K, 99% used [0x00000000dad00000,0x00000000db1f8780,0x00000000db200000)
  to   space 5120K, 0% used [0x00000000da800000,0x00000000da800000,0x00000000dad00000)
 ParOldGen       total 86016K, used 1765K [0x0000000083800000, 0x0000000088c00000, 0x00000000d6800000)
  object space 86016K, 2% used [0x0000000083800000,0x00000000839b9578,0x0000000088c00000)
 Metaspace       used 12816K, capacity 13070K, committed 13184K, reserved 1060864K
  class space    used 1540K, capacity 1649K, committed 1664K, reserved 1048576K
}
Event: 156.739 GC heap before
{Heap before GC invocations=3 (full 0):
 PSYoungGen      total 70656K, used 70625K [0x00000000d6800000, 0x00000000db200000, 0x0000000100000000)
  eden space 65536K, 100% used [0x00000000d6800000,0x00000000da800000,0x00000000da800000)
  from space 5120K, 99% used [0x00000000dad00000,0x00000000db1f8780,0x00000000db200000)
  to   space 5120K, 0% used [0x00000000da800000,0x00000000da800000,0x00000000dad00000)
 ParOldGen       total 86016K, used 1765K [0x0000000083800000, 0x0000000088c00000, 0x00000000d6800000)
  object space 86016K, 2% used [0x0000000083800000,0x00000000839b9578,0x0000000088c00000)
 Metaspace       used 14296K, capacity 14638K, committed 14976K, reserved 1062912K
  class space    used 1678K, capacity 1801K, committed 1920K, reserved 1048576K

Deoptimization events (10 events):
Event: 19.031 Thread 0x00007f53fc00a000 Uncommon trap: reason=unstable_if action=reinterpret pc=0x00007f53ece347bc method=sun.nio.cs.UTF_8$Decoder.decode([BII[C)I @ 30
Event: 19.419 Thread 0x00007f53fc00a000 Uncommon trap: reason=unstable_if action=reinterpret pc=0x00007f53ecc1ed3c method=sun.nio.cs.UTF_8$Decoder.decodeArrayLoop(Ljava/nio/ByteBuffer;Ljava/nio/CharBuffer;)Ljava/nio/charset/CoderResult; @ 84
Event: 23.641 Thread 0x00007f53fc00a000 Uncommon trap: reason=unstable_if action=reinterpret pc=0x00007f53ece4ba54 method=org.codehaus.plexus.util.xml.pull.MXParser.nextImpl()I @ 1149
Event: 95.797 Thread 0x00007f53fc00a000 Uncommon trap: reason=unstable_if action=reinterpret pc=0x00007f53ecd6f068 method=java.util.HashMap.hash(Ljava/lang/Object;)I @ 1
Event: 95.802 Thread 0x00007f53fc00a000 Uncommon trap: reason=unstable_if action=reinterpret pc=0x00007f53ecd40668 method=java.util.HashMap.hash(Ljava/lang/Object;)I @ 1
Event: 96.460 Thread 0x00007f53fc00a000 Uncommon trap: reason=unstable_if action=reinterpret pc=0x00007f53ece954f4 method=org.codehaus.plexus.util.xml.pull.MXParser.nextImpl()I @ 867
Event: 98.647 Thread 0x00007f53fc00a000 Uncommon trap: reason=unstable_if action=reinterpret pc=0x00007f53ecefe9cc method=java.lang.String.trim()Ljava/lang/String; @ 63
Event: 98.691 Thread 0x00007f53fc00a000 Uncommon trap: reason=unstable_if action=reinterpret pc=0x00007f53ecf02c80 method=org.codehaus.plexus.util.xml.pull.MXParser.nextImpl()I @ 310
Event: 98.848 Thread 0x00007f53fc00a000 Uncommon trap: reason=null_check action=make_not_entrant pc=0x00007f53ecf1ba20 method=org.apache.maven.model.io.xpp3.MavenXpp3Reader.checkFieldWithDuplicate(Lorg/codehaus/plexus/util/xml/pull/XmlPullParser;Ljava/lang/String;Ljava/lang/String;Ljava/util/Se
Event: 103.687 Thread 0x00007f53fc00a000 Uncommon trap: reason=unstable_if action=reinterpret pc=0x00007f53ecf7b540 method=org.codehaus.plexus.util.xml.pull.MXParser.nextImpl()I @ 912

Internal exceptions (10 events):
Event: 1.862 Thread 0x00007f53fc00a000 Exception <a 'java/lang/NoClassDefFoundError': org/slf4j/Logger> (0x00000000d6973c18) thrown at [/build/openjdk-8-W1Ghxo/openjdk-8-8u91-b14/src/hotspot/src/share/vm/classfile/systemDictionary.cpp, line 199]
Event: 2.751 Thread 0x00007f53fc00a000 Exception <a 'java/lang/NoClassDefFoundError': org/slf4j/LoggerFactory> (0x00000000d6c2c5d0) thrown at [/build/openjdk-8-W1Ghxo/openjdk-8-8u91-b14/src/hotspot/src/share/vm/classfile/systemDictionary.cpp, line 199]
Event: 2.752 Thread 0x00007f53fc00a000 Exception <a 'java/lang/NoClassDefFoundError'> (0x00000000d6c2c5d0) thrown at [/build/openjdk-8-W1Ghxo/openjdk-8-8u91-b14/src/hotspot/src/share/vm/oops/instanceKlass.cpp, line 964]
Event: 6.182 Thread 0x00007f53fc00a000 Exception <a 'java/lang/NoSuchFieldError': method resolution failed> (0x00000000d7f00908) thrown at [/build/openjdk-8-W1Ghxo/openjdk-8-8u91-b14/src/hotspot/src/share/vm/prims/methodHandles.cpp, line 1146]
Event: 6.185 Thread 0x00007f53fc00a000 Exception <a 'java/lang/NoSuchFieldError': method resolution failed> (0x00000000d7f0dfc8) thrown at [/build/openjdk-8-W1Ghxo/openjdk-8-8u91-b14/src/hotspot/src/share/vm/prims/methodHandles.cpp, line 1146]
Event: 95.779 Thread 0x00007f53fc00a000 Implicit null exception at 0x00007f53ecd6ee75 to 0x00007f53ecd6f059
Event: 95.802 Thread 0x00007f53fc00a000 Implicit null exception at 0x00007f53ecd405ef to 0x00007f53ecd40659
Event: 98.848 Thread 0x00007f53fc00a000 Implicit null exception at 0x00007f53ecf1b74d to 0x00007f53ecf1ba15
Event: 109.341 Thread 0x00007f53fc00a000 Exception <a 'java/lang/NoClassDefFoundError': org/slf4j/Logger> (0x00000000d942f250) thrown at [/build/openjdk-8-W1Ghxo/openjdk-8-8u91-b14/src/hotspot/src/share/vm/oops/constantPool.cpp, line 235]
Event: 124.684 Thread 0x00007f53fc00a000 Exception <a 'java/lang/NoClassDefFoundError': org/slf4j/Logger> (0x00000000d9bc15c8) thrown at [/build/openjdk-8-W1Ghxo/openjdk-8-8u91-b14/src/hotspot/src/share/vm/oops/constantPool.cpp, line 235]

Events (10 events):
Event: 146.145 Thread 0x00007f53fc0ac000 flushing nmethod 0x00007f53eccfaa90
Event: 146.145 Thread 0x00007f53fc0ac000 flushing nmethod 0x00007f53eccfb190
Event: 146.145 Thread 0x00007f53fc0ac000 flushing nmethod 0x00007f53ecd1a590
Event: 146.292 Thread 0x00007f53fc0ac000 flushing nmethod 0x00007f53ecd39c10
Event: 146.493 Thread 0x00007f53fc0a9000 flushing nmethod 0x00007f53ecdc5ad0
Event: 147.367 loading class org/sonatype/aether/collection/DependencyManagement
Event: 147.375 loading class org/sonatype/aether/collection/DependencyManagement done
Event: 150.570 loading class java/util/AbstractList$1
Event: 150.581 loading class java/util/AbstractList$1 done
Event: 156.717 Executing VM operation: ParallelGCFailedAllocation


Dynamic libraries:
00400000-00401000 r-xp 00000000 08:01 288737                             /usr/lib/jvm/java-8-openjdk-amd64/jre/bin/java
00600000-00601000 r--p 00000000 08:01 288737                             /usr/lib/jvm/java-8-openjdk-amd64/jre/bin/java
00601000-00602000 rw-p 00001000 08:01 288737                             /usr/lib/jvm/java-8-openjdk-amd64/jre/bin/java
0246e000-0248f000 rw-p 00000000 00:00 0                                  [heap]
83800000-88c00000 rw-p 00000000 00:00 0 
88c00000-d6800000 ---p 00000000 00:00 0 
d6800000-db200000 rw-p 00000000 00:00 0 
df200000-100000000 ---p 00000000 00:00 0 
100000000-1001e0000 rw-p 00000000 00:00 0 
1001e0000-140000000 ---p 00000000 00:00 0 
7f53b8000000-7f53b8021000 rw-p 00000000 00:00 0 
7f53b8021000-7f53bc000000 ---p 00000000 00:00 0 
7f53bc000000-7f53bc021000 rw-p 00000000 00:00 0 
7f53bc021000-7f53c0000000 ---p 00000000 00:00 0 
7f53c0000000-7f53c0408000 rw-p 00000000 00:00 0 
7f53c0408000-7f53c4000000 ---p 00000000 00:00 0 
7f53c4000000-7f53c4021000 rw-p 00000000 00:00 0 
7f53c4021000-7f53c8000000 ---p 00000000 00:00 0 
7f53c8000000-7f53c8021000 rw-p 00000000 00:00 0 
7f53c8021000-7f53cc000000 ---p 00000000 00:00 0 
7f53cc000000-7f53cc690000 rw-p 00000000 00:00 0 
7f53cc690000-7f53d0000000 ---p 00000000 00:00 0 
7f53d0000000-7f53d0021000 rw-p 00000000 00:00 0 
7f53d0021000-7f53d4000000 ---p 00000000 00:00 0 
7f53d4000000-7f53d4021000 rw-p 00000000 00:00 0 
7f53d4021000-7f53d8000000 ---p 00000000 00:00 0 
7f53d8000000-7f53d8021000 rw-p 00000000 00:00 0 
7f53d8021000-7f53dc000000 ---p 00000000 00:00 0 
7f53dc000000-7f53dc021000 rw-p 00000000 00:00 0 
7f53dc021000-7f53e0000000 ---p 00000000 00:00 0 
7f53e0000000-7f53e0021000 rw-p 00000000 00:00 0 
7f53e0021000-7f53e4000000 ---p 00000000 00:00 0 
7f53e4a63000-7f53e4a65000 r--s 00002000 08:01 856620                     /home/gunther/.m2/repository/org/codehaus/plexus/plexus-compiler-javac/1.8.1/plexus-compiler-javac-1.8.1.jar
7f53e4a69000-7f53e4a6b000 r--s 00000000 08:01 856618                     /home/gunther/.m2/repository/org/codehaus/plexus/plexus-compiler-manager/1.8.1/plexus-compiler-manager-1.8.1.jar
7f53e4a6d000-7f53e4a6e000 r--s 00004000 08:01 856617                     /home/gunther/.m2/repository/org/codehaus/plexus/plexus-compiler-api/1.8.1/plexus-compiler-api-1.8.1.jar
7f53e4a6f000-7f53e4a71000 r--s 00006000 08:01 856377                     /home/gunther/.m2/repository/org/apache/maven/plugins/maven-compiler-plugin/2.3.2/maven-compiler-plugin-2.3.2.jar
7f53e4a76000-7f53e4b36000 rw-p 00000000 00:00 0 
7f53e4b36000-7f53e4c76000 ---p 00000000 00:00 0 
7f53e4c76000-7f53e4c78000 r--s 0000d000 08:01 856587                     /home/gunther/.m2/repository/org/codehaus/plexus/plexus-interpolation/1.13/plexus-interpolation-1.13.jar
7f53e4c7a000-7f53e4c7b000 r--s 00001000 08:01 856581                     /home/gunther/.m2/repository/org/sonatype/plexus/plexus-build-api/0.0.4/plexus-build-api-0.0.4.jar
7f53e4c82000-7f53e4c84000 r--s 00009000 08:01 856580                     /home/gunther/.m2/repository/org/apache/maven/shared/maven-filtering/1.0/maven-filtering-1.0.jar
7f53e4c84000-7f53e4c88000 r--s 00033000 08:01 856578                     /home/gunther/.m2/repository/org/codehaus/plexus/plexus-utils/2.0.5/plexus-utils-2.0.5.jar
7f53e4c8c000-7f53e4c8f000 r--s 0001b000 08:01 856579                     /home/gunther/.m2/repository/junit/junit/3.8.1/junit-3.8.1.jar
7f53e4c93000-7f53e4c95000 r--s 00002000 08:01 856584                     /home/gunther/.m2/repository/org/codehaus/plexus/plexus-interactivity-api/1.0-alpha-4/plexus-interactivity-api-1.0-alpha-4.jar
7f53e4c97000-7f53e4c99000 r--s 00006000 08:01 856574                     /home/gunther/.m2/repository/commons-cli/commons-cli/1.0/commons-cli-1.0.jar
7f53e4c9a000-7f53e4c9b000 r--s 00001000 08:01 856573                     /home/gunther/.m2/repository/org/apache/maven/doxia/doxia-sink-api/1.0-alpha-7/doxia-sink-api-1.0-alpha-7.jar
7f53e4c9b000-7f53e4c9c000 r--s 00002000 08:01 856572                     /home/gunther/.m2/repository/org/apache/maven/reporting/maven-reporting-api/2.0.6/maven-reporting-api-2.0.6.jar
7f53e4c9e000-7f53e4ca0000 r--s 00005000 08:01 856363                     /home/gunther/.m2/repository/org/apache/maven/plugins/maven-resources-plugin/2.5/maven-resources-plugin-2.5.jar
7f53e4ca1000-7f53e4cb2000 r-xp 00000000 08:01 288804                     /usr/lib/jvm/java-8-openjdk-amd64/jre/lib/amd64/libnio.so
7f53e4cb2000-7f53e4eb2000 ---p 00011000 08:01 288804                     /usr/lib/jvm/java-8-openjdk-amd64/jre/lib/amd64/libnio.so
7f53e4eb2000-7f53e4eb3000 r--p 00011000 08:01 288804                     /usr/lib/jvm/java-8-openjdk-amd64/jre/lib/amd64/libnio.so
7f53e4eb3000-7f53e4eb4000 rw-p 00012000 08:01 288804                     /usr/lib/jvm/java-8-openjdk-amd64/jre/lib/amd64/libnio.so
7f53e4eb8000-7f53e51b9000 rw-p 00000000 00:00 0 
7f53e51b9000-7f53e51d0000 r-xp 00000000 08:01 288779                     /usr/lib/jvm/java-8-openjdk-amd64/jre/lib/amd64/libnet.so
7f53e51d0000-7f53e53cf000 ---p 00017000 08:01 288779                     /usr/lib/jvm/java-8-openjdk-amd64/jre/lib/amd64/libnet.so
7f53e53cf000-7f53e53d0000 r--p 00016000 08:01 288779                     /usr/lib/jvm/java-8-openjdk-amd64/jre/lib/amd64/libnet.so
7f53e53d0000-7f53e53d1000 rw-p 00017000 08:01 288779                     /usr/lib/jvm/java-8-openjdk-amd64/jre/lib/amd64/libnet.so
7f53e53d7000-7f53e55d7000 rw-p 00000000 00:00 0 
7f53e55d7000-7f53e55da000 ---p 00000000 00:00 0 
7f53e55da000-7f53e5610000 rw-p 00000000 00:00 0 
7f53e5610000-7f53e5614000 r--s 00097000 08:01 288909                     /usr/lib/jvm/java-8-openjdk-amd64/jre/lib/jsse.jar
7f53e561b000-7f53e581b000 rw-p 00000000 00:00 0 
7f53e581b000-7f53e581c000 r--s 00002000 08:01 1315134                    /opt/idea-IU-162.2032.8/plugins/maven/lib/maven3/lib/wagon-http-shared-2.8.jar
7f53e5821000-7f53e5823000 r--s 00000000 08:01 1315124                    /opt/idea-IU-162.2032.8/plugins/maven/lib/maven3/lib/plexus-component-annotations-1.5.5.jar
7f53e5823000-7f53e5824000 r--s 00002000 08:01 1315132                    /opt/idea-IU-162.2032.8/plugins/maven/lib/maven3/lib/wagon-file-2.8.jar
7f53e5824000-7f53e5825000 r--s 00003000 08:01 1315105                    /opt/idea-IU-162.2032.8/plugins/maven/lib/maven3/lib/aether-spi-1.13.1.jar
7f53e582a000-7f53e582c000 r--s 00009000 08:01 1315107                    /opt/idea-IU-162.2032.8/plugins/maven/lib/maven3/lib/commons-cli-1.2.jar
7f53e5833000-7f53e5852000 r--s 00152000 08:01 1315128                    /opt/idea-IU-162.2032.8/plugins/maven/lib/maven3/lib/sisu-guava-0.9.9.jar
7f53e5854000-7f53e5856000 r--s 0000b000 08:01 1315119                    /opt/idea-IU-162.2032.8/plugins/maven/lib/maven3/lib/maven-plugin-api-3.0.5.jar
7f53e5859000-7f53e5861000 r--s 00050000 08:01 1315129                    /opt/idea-IU-162.2032.8/plugins/maven/lib/maven3/lib/sisu-guice-3.1.0-no_aop.jar
7f53e5863000-7f53e5864000 r--s 0000a000 08:01 1315116                    /opt/idea-IU-162.2032.8/plugins/maven/lib/maven3/lib/maven-embedder-3.0.5.jar
7f53e5866000-7f53e5869000 r--s 0001d000 08:01 1315104                    /opt/idea-IU-162.2032.8/plugins/maven/lib/maven3/lib/aether-impl-1.13.1.jar
7f53e586c000-7f53e586f000 r--s 00013000 08:01 1315102                    /opt/idea-IU-162.2032.8/plugins/maven/lib/maven3/lib/aether-api-1.13.1.jar
7f53e586f000-7f53e5871000 r--s 00006000 08:01 1315120                    /opt/idea-IU-162.2032.8/plugins/maven/lib/maven3/lib/maven-repository-metadata-3.0.5.jar
7f53e5873000-7f53e58a1000 r--s 001fa000 08:01 1315133                    /opt/idea-IU-162.2032.8/plugins/maven/lib/maven3/lib/wagon-http-2.8-shaded.jar
7f53e58a5000-7f53e58a9000 r--s 0001c000 08:01 1315106                    /opt/idea-IU-162.2032.8/plugins/maven/lib/maven3/lib/aether-util-1.13.1.jar
7f53e58af000-7f53e58b0000 r--s 00006000 08:01 1315126                    /opt/idea-IU-162.2032.8/plugins/maven/lib/maven3/lib/plexus-sec-dispatcher-1.3.jar
7f53e58b1000-7f53e58b8000 r--s 00040000 08:01 1315130                    /opt/idea-IU-162.2032.8/plugins/maven/lib/maven3/lib/sisu-inject-bean-2.3.0.jar
7f53e58ba000-7f53e58bf000 r--s 00041000 08:01 1315109                    /opt/idea-IU-162.2032.8/plugins/maven/lib/maven3/lib/commons-lang-2.6.jar
7f53e58c3000-7f53e58c5000 r--s 00002000 08:01 1315123                    /opt/idea-IU-162.2032.8/plugins/maven/lib/maven3/lib/plexus-cipher-1.7.jar
7f53e58cc000-7f53e58d0000 r--s 00033000 08:01 1315127                    /opt/idea-IU-162.2032.8/plugins/maven/lib/maven3/lib/plexus-utils-2.0.6.jar
7f53e58d7000-7f53e58d9000 r--s 00026000 08:01 1315117                    /opt/idea-IU-162.2032.8/plugins/maven/lib/maven3/lib/maven-model-3.0.5.jar
7f53e58da000-7f53e58de000 r--s 00021000 08:01 1315118                    /opt/idea-IU-162.2032.8/plugins/maven/lib/maven3/lib/maven-model-builder-3.0.5.jar
7f53e58e5000-7f53e58e7000 r--s 0000c000 08:01 1315112                    /opt/idea-IU-162.2032.8/plugins/maven/lib/maven3/lib/maven-aether-provider-3.0.5.jar
7f53e58e8000-7f53e58ee000 r--s 0003f000 08:01 1315114                    /opt/idea-IU-162.2032.8/plugins/maven/lib/maven3/lib/maven-compat-3.0.5.jar
7f53e58ef000-7f53e58f1000 r--s 00006000 08:01 1315103                    /opt/idea-IU-162.2032.8/plugins/maven/lib/maven3/lib/aether-connector-wagon-1.13.1.jar
7f53e58f6000-7f53e58f8000 r--s 0000d000 08:01 1315125                    /opt/idea-IU-162.2032.8/plugins/maven/lib/maven3/lib/plexus-interpolation-1.14.jar
7f53e58fd000-7f53e5903000 r--s 0002c000 08:01 1315131                    /opt/idea-IU-162.2032.8/plugins/maven/lib/maven3/lib/sisu-inject-plexus-2.3.0.jar
7f53e5904000-7f53e5906000 r--s 0000b000 08:01 1315135                    /opt/idea-IU-162.2032.8/plugins/maven/lib/maven3/lib/wagon-provider-api-2.8.jar
7f53e590c000-7f53e590e000 r--s 0000b000 08:01 1315113                    /opt/idea-IU-162.2032.8/plugins/maven/lib/maven3/lib/maven-artifact-3.0.5.jar
7f53e5910000-7f53e5914000 r--s 00027000 08:01 1315108                    /opt/idea-IU-162.2032.8/plugins/maven/lib/maven3/lib/commons-io-2.2.jar
7f53e5916000-7f53e5922000 r--s 0007d000 08:01 1315115                    /opt/idea-IU-162.2032.8/plugins/maven/lib/maven3/lib/maven-core-3.0.5.jar
7f53e5923000-7f53e5925000 r--s 0000a000 08:01 1315121                    /opt/idea-IU-162.2032.8/plugins/maven/lib/maven3/lib/maven-settings-3.0.5.jar
7f53e5929000-7f53e592c000 r--s 00008000 08:01 1315122                    /opt/idea-IU-162.2032.8/plugins/maven/lib/maven3/lib/maven-settings-builder-3.0.5.jar
7f53e5933000-7f53e5935000 r--s 0000a000 08:01 1315098                    /opt/idea-IU-162.2032.8/plugins/maven/lib/maven3/boot/plexus-classworlds-2.4.jar
7f53e593a000-7f53e593c000 r--s 00001000 08:01 288891                     /usr/lib/jvm/java-8-openjdk-amd64/jre/lib/ext/dnsns.jar
7f53e5941000-7f53e5942000 r--s 00008000 08:01 288899                     /usr/lib/jvm/java-8-openjdk-amd64/jre/lib/ext/sunec.jar
7f53e5949000-7f53e594a000 r--s 00010000 08:01 288903                     /usr/lib/jvm/java-8-openjdk-amd64/jre/lib/ext/zipfs.jar
7f53e5950000-7f53e5954000 r--s 00037000 08:01 288907                     /usr/lib/jvm/java-8-openjdk-amd64/jre/lib/ext/sunpkcs11.jar
7f53e595b000-7f53e595c000 r--s 0000a000 08:01 288902                     /usr/lib/jvm/java-8-openjdk-amd64/jre/lib/ext/jaccess.jar
7f53e5960000-7f53e597b000 r--s 001d7000 08:01 288890                     /usr/lib/jvm/java-8-openjdk-amd64/jre/lib/ext/nashorn.jar
7f53e597c000-7f53e5998000 r--s 00393000 08:01 288892                     /usr/lib/jvm/java-8-openjdk-amd64/jre/lib/ext/cldrdata.jar
7f53e599c000-7f53e599d000 ---p 00000000 00:00 0 
7f53e599d000-7f53e5a9d000 rw-p 00000000 00:00 0 
7f53e5a9d000-7f53e5aa0000 ---p 00000000 00:00 0 
7f53e5aa0000-7f53e5b9e000 rw-p 00000000 00:00 0 
7f53e5b9e000-7f53e5ba1000 ---p 00000000 00:00 0 
7f53e5ba1000-7f53e5c9f000 rw-p 00000000 00:00 0 
7f53e5c9f000-7f53e5ca2000 ---p 00000000 00:00 0 
7f53e5ca2000-7f53e5da0000 rw-p 00000000 00:00 0 
7f53e5da0000-7f53e5da3000 ---p 00000000 00:00 0 
7f53e5da3000-7f53e5ea1000 rw-p 00000000 00:00 0 
7f53e5ea1000-7f53e65a1000 r--p 00000000 08:01 5552                       /usr/lib/locale/locale-archive
7f53e65a2000-7f53e65a5000 ---p 00000000 00:00 0 
7f53e65a5000-7f53e66a3000 rw-p 00000000 00:00 0 
7f53e66a3000-7f53e66a6000 ---p 00000000 00:00 0 
7f53e66a6000-7f53e67a4000 rw-p 00000000 00:00 0 
7f53e67a4000-7f53e67a5000 ---p 00000000 00:00 0 
7f53e67a5000-7f53e721c000 rw-p 00000000 00:00 0 
7f53e721c000-7f53e73ea000 r--s 03beb000 08:01 288834                     /usr/lib/jvm/java-8-openjdk-amd64/jre/lib/rt.jar
7f53e73f1000-7f53ebe8b000 rw-p 00000000 00:00 0 
7f53ebe8b000-7f53ebe8c000 ---p 00000000 00:00 0 
7f53ebe8c000-7f53ebfb6000 rw-p 00000000 00:00 0 
7f53ebfb6000-7f53ec224000 ---p 00000000 00:00 0 
7f53ec224000-7f53ec24e000 rw-p 00000000 00:00 0 
7f53ec24e000-7f53ec4bc000 ---p 00000000 00:00 0 
7f53ec4bc000-7f53ec4e1000 rw-p 00000000 00:00 0 
7f53ec4e1000-7f53ec608000 ---p 00000000 00:00 0 
7f53ec608000-7f53ec626000 rw-p 00000000 00:00 0 
7f53ec626000-7f53ec9c9000 ---p 00000000 00:00 0 
7f53ec9c9000-7f53ed0f9000 rwxp 00000000 00:00 0 
7f53ed0f9000-7f53fb9c9000 ---p 00000000 00:00 0 
7f53fb9c9000-7f53fb9d1000 r-xp 00000000 08:01 288786                     /usr/lib/jvm/java-8-openjdk-amd64/jre/lib/amd64/libzip.so
7f53fb9d1000-7f53fbbd0000 ---p 00008000 08:01 288786                     /usr/lib/jvm/java-8-openjdk-amd64/jre/lib/amd64/libzip.so
7f53fbbd0000-7f53fbbd1000 r--p 00007000 08:01 288786                     /usr/lib/jvm/java-8-openjdk-amd64/jre/lib/amd64/libzip.so
7f53fbbd1000-7f53fbbd2000 rw-p 00008000 08:01 288786                     /usr/lib/jvm/java-8-openjdk-amd64/jre/lib/amd64/libzip.so
7f53fbbd9000-7f53fbbe4000 r-xp 00000000 08:01 267541                     /lib/x86_64-linux-gnu/libnss_files-2.23.so
7f53fbbe4000-7f53fbde3000 ---p 0000b000 08:01 267541                     /lib/x86_64-linux-gnu/libnss_files-2.23.so
7f53fbde3000-7f53fbde4000 r--p 0000a000 08:01 267541                     /lib/x86_64-linux-gnu/libnss_files-2.23.so
7f53fbde4000-7f53fbde5000 rw-p 0000b000 08:01 267541                     /lib/x86_64-linux-gnu/libnss_files-2.23.so
7f53fbde5000-7f53fbdeb000 rw-p 00000000 00:00 0 
7f53fbdf1000-7f53fbdfc000 r-xp 00000000 08:01 267552                     /lib/x86_64-linux-gnu/libnss_nis-2.23.so
7f53fbdfc000-7f53fbffb000 ---p 0000b000 08:01 267552                     /lib/x86_64-linux-gnu/libnss_nis-2.23.so
7f53fbffb000-7f53fbffc000 r--p 0000a000 08:01 267552                     /lib/x86_64-linux-gnu/libnss_nis-2.23.so
7f53fbffc000-7f53fbffd000 rw-p 0000b000 08:01 267552                     /lib/x86_64-linux-gnu/libnss_nis-2.23.so
7f53fc000000-7f53fc767000 rw-p 00000000 00:00 0 
7f53fc767000-7f5400000000 ---p 00000000 00:00 0 
7f5400007000-7f5400028000 rw-p 00000000 00:00 0 
7f5400028000-7f5400029000 ---p 00000000 00:00 0 
7f5400029000-7f5400129000 rw-p 00000000 00:00 0 
7f5400129000-7f540013f000 r-xp 00000000 08:01 267535                     /lib/x86_64-linux-gnu/libnsl-2.23.so
7f540013f000-7f540033e000 ---p 00016000 08:01 267535                     /lib/x86_64-linux-gnu/libnsl-2.23.so
7f540033e000-7f540033f000 r--p 00015000 08:01 267535                     /lib/x86_64-linux-gnu/libnsl-2.23.so
7f540033f000-7f5400340000 rw-p 00016000 08:01 267535                     /lib/x86_64-linux-gnu/libnsl-2.23.so
7f5400340000-7f5400342000 rw-p 00000000 00:00 0 
7f5400349000-7f5400351000 r-xp 00000000 08:01 267537                     /lib/x86_64-linux-gnu/libnss_compat-2.23.so
7f5400351000-7f5400550000 ---p 00008000 08:01 267537                     /lib/x86_64-linux-gnu/libnss_compat-2.23.so
7f5400550000-7f5400551000 r--p 00007000 08:01 267537                     /lib/x86_64-linux-gnu/libnss_compat-2.23.so
7f5400551000-7f5400552000 rw-p 00008000 08:01 267537                     /lib/x86_64-linux-gnu/libnss_compat-2.23.so
7f5400559000-7f5400586000 r-xp 00000000 08:01 288771                     /usr/lib/jvm/java-8-openjdk-amd64/jre/lib/amd64/libjava.so
7f5400586000-7f5400785000 ---p 0002d000 08:01 288771                     /usr/lib/jvm/java-8-openjdk-amd64/jre/lib/amd64/libjava.so
7f5400785000-7f5400786000 r--p 0002c000 08:01 288771                     /usr/lib/jvm/java-8-openjdk-amd64/jre/lib/amd64/libjava.so
7f5400786000-7f5400788000 rw-p 0002d000 08:01 288771                     /usr/lib/jvm/java-8-openjdk-amd64/jre/lib/amd64/libjava.so
7f5400789000-7f5400798000 r-xp 00000000 08:01 288772                     /usr/lib/jvm/java-8-openjdk-amd64/jre/lib/amd64/libverify.so
7f5400798000-7f5400997000 ---p 0000f000 08:01 288772                     /usr/lib/jvm/java-8-openjdk-amd64/jre/lib/amd64/libverify.so
7f5400997000-7f5400999000 r--p 0000e000 08:01 288772                     /usr/lib/jvm/java-8-openjdk-amd64/jre/lib/amd64/libverify.so
7f5400999000-7f540099a000 rw-p 00010000 08:01 288772                     /usr/lib/jvm/java-8-openjdk-amd64/jre/lib/amd64/libverify.so
7f54009a1000-7f54009a8000 r-xp 00000000 08:01 267597                     /lib/x86_64-linux-gnu/librt-2.23.so
7f54009a8000-7f5400ba7000 ---p 00007000 08:01 267597                     /lib/x86_64-linux-gnu/librt-2.23.so
7f5400ba7000-7f5400ba8000 r--p 00006000 08:01 267597                     /lib/x86_64-linux-gnu/librt-2.23.so
7f5400ba8000-7f5400ba9000 rw-p 00007000 08:01 267597                     /lib/x86_64-linux-gnu/librt-2.23.so
7f5400ba9000-7f5400bbf000 r-xp 00000000 08:01 267482                     /lib/x86_64-linux-gnu/libgcc_s.so.1
7f5400bbf000-7f5400dbe000 ---p 00016000 08:01 267482                     /lib/x86_64-linux-gnu/libgcc_s.so.1
7f5400dbe000-7f5400dbf000 rw-p 00015000 08:01 267482                     /lib/x86_64-linux-gnu/libgcc_s.so.1
7f5400dc1000-7f5400ec9000 r-xp 00000000 08:01 267514                     /lib/x86_64-linux-gnu/libm-2.23.so
7f5400ec9000-7f54010c8000 ---p 00108000 08:01 267514                     /lib/x86_64-linux-gnu/libm-2.23.so
7f54010c8000-7f54010c9000 r--p 00107000 08:01 267514                     /lib/x86_64-linux-gnu/libm-2.23.so
7f54010c9000-7f54010ca000 rw-p 00108000 08:01 267514                     /lib/x86_64-linux-gnu/libm-2.23.so
7f54010d1000-7f5401243000 r-xp 00000000 08:01 1654                       /usr/lib/x86_64-linux-gnu/libstdc++.so.6.0.21
7f5401243000-7f5401443000 ---p 00172000 08:01 1654                       /usr/lib/x86_64-linux-gnu/libstdc++.so.6.0.21
7f5401443000-7f540144d000 r--p 00172000 08:01 1654                       /usr/lib/x86_64-linux-gnu/libstdc++.so.6.0.21
7f540144d000-7f540144f000 rw-p 0017c000 08:01 1654                       /usr/lib/x86_64-linux-gnu/libstdc++.so.6.0.21
7f540144f000-7f5401453000 rw-p 00000000 00:00 0 
7f5401459000-7f540209f000 r-xp 00000000 08:01 288784                     /usr/lib/jvm/java-8-openjdk-amd64/jre/lib/amd64/server/libjvm.so
7f540209f000-7f540229f000 ---p 00c46000 08:01 288784                     /usr/lib/jvm/java-8-openjdk-amd64/jre/lib/amd64/server/libjvm.so
7f540229f000-7f5402332000 r--p 00c46000 08:01 288784                     /usr/lib/jvm/java-8-openjdk-amd64/jre/lib/amd64/server/libjvm.so
7f5402332000-7f540235a000 rw-p 00cd9000 08:01 288784                     /usr/lib/jvm/java-8-openjdk-amd64/jre/lib/amd64/server/libjvm.so
7f540235a000-7f540238a000 rw-p 00000000 00:00 0 
7f5402391000-7f54023a9000 r-xp 00000000 08:01 267589                     /lib/x86_64-linux-gnu/libpthread-2.23.so
7f54023a9000-7f54025a8000 ---p 00018000 08:01 267589                     /lib/x86_64-linux-gnu/libpthread-2.23.so
7f54025a8000-7f54025a9000 r--p 00017000 08:01 267589                     /lib/x86_64-linux-gnu/libpthread-2.23.so
7f54025a9000-7f54025aa000 rw-p 00018000 08:01 267589                     /lib/x86_64-linux-gnu/libpthread-2.23.so
7f54025aa000-7f54025ae000 rw-p 00000000 00:00 0 
7f54025b1000-7f54025b4000 r-xp 00000000 08:01 267468                     /lib/x86_64-linux-gnu/libdl-2.23.so
7f54025b4000-7f54027b3000 ---p 00003000 08:01 267468                     /lib/x86_64-linux-gnu/libdl-2.23.so
7f54027b3000-7f54027b4000 r--p 00002000 08:01 267468                     /lib/x86_64-linux-gnu/libdl-2.23.so
7f54027b4000-7f54027b5000 rw-p 00003000 08:01 267468                     /lib/x86_64-linux-gnu/libdl-2.23.so
7f54027b9000-7f54027d2000 r-xp 00000000 08:01 267633                     /lib/x86_64-linux-gnu/libz.so.1.2.8
7f54027d2000-7f54029d1000 ---p 00019000 08:01 267633                     /lib/x86_64-linux-gnu/libz.so.1.2.8
7f54029d1000-7f54029d2000 r--p 00018000 08:01 267633                     /lib/x86_64-linux-gnu/libz.so.1.2.8
7f54029d2000-7f54029d3000 rw-p 00019000 08:01 267633                     /lib/x86_64-linux-gnu/libz.so.1.2.8
7f54029d9000-7f5402b99000 r-xp 00000000 08:01 267446                     /lib/x86_64-linux-gnu/libc-2.23.so
7f5402b99000-7f5402d98000 ---p 001c0000 08:01 267446                     /lib/x86_64-linux-gnu/libc-2.23.so
7f5402d98000-7f5402d9c000 r--p 001bf000 08:01 267446                     /lib/x86_64-linux-gnu/libc-2.23.so
7f5402d9c000-7f5402d9e000 rw-p 001c3000 08:01 267446                     /lib/x86_64-linux-gnu/libc-2.23.so
7f5402d9e000-7f5402da2000 rw-p 00000000 00:00 0 
7f5402da9000-7f5402db6000 r-xp 00000000 08:01 288801                     /usr/lib/jvm/java-8-openjdk-amd64/jre/lib/amd64/jli/libjli.so
7f5402db6000-7f5402fb6000 ---p 0000d000 08:01 288801                     /usr/lib/jvm/java-8-openjdk-amd64/jre/lib/amd64/jli/libjli.so
7f5402fb6000-7f5402fb7000 r--p 0000d000 08:01 288801                     /usr/lib/jvm/java-8-openjdk-amd64/jre/lib/amd64/jli/libjli.so
7f5402fb7000-7f5402fb8000 rw-p 0000e000 08:01 288801                     /usr/lib/jvm/java-8-openjdk-amd64/jre/lib/amd64/jli/libjli.so
7f5402fb9000-7f5402fdf000 r-xp 00000000 08:01 267418                     /lib/x86_64-linux-gnu/ld-2.23.so
7f5402fdf000-7f5402fe9000 r--s 00116000 08:01 288906                     /usr/lib/jvm/java-8-openjdk-amd64/jre/lib/ext/localedata.jar
7f5402ff0000-7f5402ff3000 r--s 0000f000 08:01 288905                     /usr/lib/jvm/java-8-openjdk-amd64/jre/lib/ext/icedtea-sound.jar
7f5402ff4000-7f5402ff9000 r--s 0003b000 08:01 288904                     /usr/lib/jvm/java-8-openjdk-amd64/jre/lib/ext/sunjce_provider.jar
7f5402ffe000-7f54030c9000 rw-p 00000000 00:00 0 
7f54030c9000-7f54030d1000 rw-s 00000000 08:01 936768                     /tmp/hsperfdata_gunther/8892
7f54030d6000-7f54030d7000 r--p 00000000 00:00 0 
7f54030d7000-7f54030d8000 rw-p 00000000 00:00 0 
7f54030d8000-7f54030d9000 ---p 00000000 00:00 0 
7f54030d9000-7f54030dc000 ---p 00000000 00:00 0 
7f54030dc000-7f54031de000 rw-p 00000000 00:00 0 
7f54031de000-7f54031df000 r--p 00025000 08:01 267418                     /lib/x86_64-linux-gnu/ld-2.23.so
7f54031df000-7f54031e0000 rw-p 00026000 08:01 267418                     /lib/x86_64-linux-gnu/ld-2.23.so
7f54031e0000-7f54031e2000 rw-p 00000000 00:00 0 
7f54031e2000-7f54031e4000 rw-p 00000000 00:00 0 
7ffc394a3000-7ffc394c4000 rw-p 00000000 00:00 0                          [stack]
7ffc395b9000-7ffc395bb000 r--p 00000000 00:00 0                          [vvar]
7ffc395bb000-7ffc395bd000 r-xp 00000000 00:00 0                          [vdso]
ffffffffff600000-ffffffffff601000 r-xp 00000000 00:00 0                  [vsyscall]

VM Arguments:
jvm_args: -Dmaven.home=/opt/idea-IU-162.2032.8/plugins/maven/lib/maven3 -Dclassworlds.conf=/opt/idea-IU-162.2032.8/plugins/maven/lib/maven3/bin/m2.conf -Dfile.encoding=UTF-8 
java_command: org.codehaus.classworlds.Launcher -Didea.version=2016.2.4 install -Dmaven.test.skip=true
java_class_path (initial): /opt/idea-IU-162.2032.8/plugins/maven/lib/maven3/boot/plexus-classworlds-2.4.jar
Launcher Type: SUN_STANDARD

Environment Variables:
PATH=/home/gunther/bin:/home/gunther/.local/bin:/usr/local/sbin:/usr/local/bin:/usr/sbin:/usr/bin:/sbin:/bin:/usr/games:/usr/local/games:/snap/bin
USERNAME=gunther
LD_LIBRARY_PATH=/opt/idea-IU-162.2032.8/bin:
SHELL=/bin/bash
DISPLAY=:1

Signal Handlers:
SIGSEGV: [libjvm.so+0xa5e970], sa_mask[0]=11111111011111111101111111111110, sa_flags=SA_RESTART|SA_SIGINFO
SIGBUS: [libjvm.so+0xa5e970], sa_mask[0]=11111111011111111101111111111110, sa_flags=SA_RESTART|SA_SIGINFO
SIGFPE: [libjvm.so+0x8a9ff0], sa_mask[0]=11111111011111111101111111111110, sa_flags=SA_RESTART|SA_SIGINFO
SIGPIPE: [libjvm.so+0x8a9ff0], sa_mask[0]=11111111011111111101111111111110, sa_flags=SA_RESTART|SA_SIGINFO
SIGXFSZ: [libjvm.so+0x8a9ff0], sa_mask[0]=11111111011111111101111111111110, sa_flags=SA_RESTART|SA_SIGINFO
SIGILL: [libjvm.so+0x8a9ff0], sa_mask[0]=11111111011111111101111111111110, sa_flags=SA_RESTART|SA_SIGINFO
SIGUSR1: SIG_DFL, sa_mask[0]=00000000000000000000000000000000, sa_flags=none
SIGUSR2: [libjvm.so+0x8a9ea0], sa_mask[0]=00100000000000000000000000000000, sa_flags=SA_RESTART|SA_SIGINFO
SIGHUP: [libjvm.so+0x8aa370], sa_mask[0]=11111111011111111101111111111110, sa_flags=SA_RESTART|SA_SIGINFO
SIGINT: [libjvm.so+0x8aa370], sa_mask[0]=11111111011111111101111111111110, sa_flags=SA_RESTART|SA_SIGINFO
SIGTERM: [libjvm.so+0x8aa370], sa_mask[0]=11111111011111111101111111111110, sa_flags=SA_RESTART|SA_SIGINFO
SIGQUIT: [libjvm.so+0x8aa370], sa_mask[0]=11111111011111111101111111111110, sa_flags=SA_RESTART|SA_SIGINFO


---------------  S Y S T E M  ---------------

OS:DISTRIB_ID=Ubuntu
DISTRIB_RELEASE=16.04
DISTRIB_CODENAME=xenial
DISTRIB_DESCRIPTION="Ubuntu 16.04.1 LTS"

uname:Linux 4.4.0-45-generic #66-Ubuntu SMP Wed Oct 19 14:12:37 UTC 2016 x86_64
libc:glibc 2.23 NPTL 2.23 
rlimit: STACK 8192k, CORE 0k, NPROC 31708, NOFILE 65536, AS infinity
load average:18.22 9.81 4.27

/proc/meminfo:
MemTotal:        8157632 kB
MemFree:          105756 kB
MemAvailable:      10956 kB
Buffers:             284 kB
Cached:           746728 kB
SwapCached:         4252 kB
Active:          3704020 kB
Inactive:        1044032 kB
Active(anon):    3692588 kB
Inactive(anon):  1032840 kB
Active(file):      11432 kB
Inactive(file):    11192 kB
Unevictable:         120 kB
Mlocked:             120 kB
SwapTotal:       1046524 kB
SwapFree:              0 kB
Dirty:                12 kB
Writeback:             0 kB
AnonPages:       3997628 kB
Mapped:           109868 kB
Shmem:            724144 kB
Slab:             176084 kB
SReclaimable:      61704 kB
SUnreclaim:       114380 kB
KernelStack:       17184 kB
PageTables:        66760 kB
NFS_Unstable:          0 kB
Bounce:                0 kB
WritebackTmp:          0 kB
CommitLimit:     5125340 kB
Committed_AS:   13532988 kB
VmallocTotal:   34359738367 kB
VmallocUsed:           0 kB
VmallocChunk:          0 kB
HardwareCorrupted:     0 kB
AnonHugePages:   1710080 kB
CmaTotal:              0 kB
CmaFree:               0 kB
HugePages_Total:       0
HugePages_Free:        0
HugePages_Rsvd:        0
HugePages_Surp:        0
Hugepagesize:       2048 kB
DirectMap4k:      288576 kB
DirectMap2M:     8099840 kB
DirectMap1G:     2097152 kB


CPU:total 2 (1 cores per cpu, 1 threads per core) family 21 model 2 stepping 0, cmov, cx8, fxsr, mmx, sse, sse2, sse3, ssse3, sse4.1, sse4.2, popcnt, avx, aes, clmul, mmxext, 3dnowpref, lzcnt, sse4a, tsc, tscinvbit, tscinv, bmi1

/proc/cpuinfo:
processor	: 0
vendor_id	: AuthenticAMD
cpu family	: 21
model		: 2
model name	: AMD FX(tm)-8350 Eight-Core Processor
stepping	: 0
microcode	: 0x6000822
cpu MHz		: 4319.986
cache size	: 2048 KB
physical id	: 0
siblings	: 1
core id		: 0
cpu cores	: 1
apicid		: 0
initial apicid	: 0
fpu		: yes
fpu_exception	: yes
cpuid level	: 13
wp		: yes
flags		: fpu vme de pse tsc msr pae mce cx8 apic sep mtrr pge mca cmov pat pse36 clflush mmx fxsr sse sse2 syscall nx mmxext fxsr_opt pdpe1gb rdtscp lm constant_tsc rep_good nopl tsc_reliable nonstop_tsc aperfmperf pni pclmulqdq ssse3 fma cx16 sse4_1 sse4_2 x2apic popcnt aes xsave avx f16c hypervisor lahf_lm extapic cr8_legacy abm sse4a misalignsse 3dnowprefetch osvw xop fma4 tbm vmmcall bmi1 arat
bugs		: fxsave_leak sysret_ss_attrs
bogomips	: 8639.97
TLB size	: 1536 4K pages
clflush size	: 64
cache_alignment	: 64
address sizes	: 42 bits physical, 48 bits virtual
power management:

processor	: 1
vendor_id	: AuthenticAMD
cpu family	: 21
model		: 2
model name	: AMD FX(tm)-8350 Eight-Core Processor
stepping	: 0
microcode	: 0x6000822
cpu MHz		: 4319.986
cache size	: 2048 KB
physical id	: 2
siblings	: 1
core id		: 0
cpu cores	: 1
apicid		: 2
initial apicid	: 2
fpu		: yes
fpu_exception	: yes
cpuid level	: 13
wp		: yes
flags		: fpu vme de pse tsc msr pae mce cx8 apic sep mtrr pge mca cmov pat pse36 clflush mmx fxsr sse sse2 syscall nx mmxext fxsr_opt pdpe1gb rdtscp lm constant_tsc rep_good nopl tsc_reliable nonstop_tsc aperfmperf pni pclmulqdq ssse3 fma cx16 sse4_1 sse4_2 x2apic popcnt aes xsave avx f16c hypervisor lahf_lm extapic cr8_legacy abm sse4a misalignsse 3dnowprefetch osvw xop fma4 tbm vmmcall bmi1 arat
bugs		: fxsave_leak sysret_ss_attrs
bogomips	: 8639.97
TLB size	: 1536 4K pages
clflush size	: 64
cache_alignment	: 64
address sizes	: 42 bits physical, 48 bits virtual
power management:



Memory: 4k page, physical 8157632k(105212k free), swap 1046524k(0k free)

vm_info: OpenJDK 64-Bit Server VM (25.91-b14) for linux-amd64 JRE (1.8.0_91-8u91-b14-3ubuntu1~16.04.1-b14), built on Jul 21 2016 04:13:34 by "buildd" with gcc 5.3.1 20160413

time: Thu Nov  3 16:22:29 2016
elapsed time: 158 seconds (0d 0h 2m 38s)

